{"/home/pelayo/projects/personal/timesheet/timesheet_backend/src/app.controller.spec.ts": {"path":"/home/pelayo/projects/personal/timesheet/timesheet_backend/src/app.controller.spec.ts","statementMap":{"0":{"start":{"line":1,"column":0},"end":{"line":1,"column":54}},"1":{"start":{"line":2,"column":0},"end":{"line":2,"column":49}},"2":{"start":{"line":3,"column":0},"end":{"line":3,"column":43}},"3":{"start":{"line":5,"column":0},"end":{"line":22,"column":3}},"4":{"start":{"line":8,"column":2},"end":{"line":15,"column":5}},"5":{"start":{"line":9,"column":31},"end":{"line":12,"column":16}},"6":{"start":{"line":14,"column":4},"end":{"line":14,"column":58}},"7":{"start":{"line":17,"column":2},"end":{"line":21,"column":5}},"8":{"start":{"line":18,"column":4},"end":{"line":20,"column":7}},"9":{"start":{"line":19,"column":6},"end":{"line":19,"column":60}}},"fnMap":{"0":{"name":"(anonymous_0)","decl":{"start":{"line":5,"column":26},"end":{"line":5,"column":29}},"loc":{"start":{"line":5,"column":31},"end":{"line":22,"column":1}}},"1":{"name":"(anonymous_1)","decl":{"start":{"line":8,"column":13},"end":{"line":8,"column":18}},"loc":{"start":{"line":8,"column":24},"end":{"line":15,"column":3}}},"2":{"name":"(anonymous_2)","decl":{"start":{"line":17,"column":19},"end":{"line":17,"column":22}},"loc":{"start":{"line":17,"column":24},"end":{"line":21,"column":3}}},"3":{"name":"(anonymous_3)","decl":{"start":{"line":18,"column":39},"end":{"line":18,"column":42}},"loc":{"start":{"line":18,"column":44},"end":{"line":20,"column":5}}}},"branchMap":{},"s":{"0":0,"1":0,"2":0,"3":0,"4":0,"5":0,"6":0,"7":0,"8":0,"9":0},"f":{"0":0,"1":0,"2":0,"3":0},"b":{}}
,"/home/pelayo/projects/personal/timesheet/timesheet_backend/src/app.controller.ts": {"path":"/home/pelayo/projects/personal/timesheet/timesheet_backend/src/app.controller.ts","statementMap":{"0":{"start":{"line":1,"column":0},"end":{"line":1,"column":49}},"1":{"start":{"line":2,"column":0},"end":{"line":2,"column":43}},"2":{"start":{"line":5,"column":7},"end":{"line":12,"column":null}},"3":{"start":{"line":6,"column":31},"end":{"line":6,"column":43}},"4":{"start":{"line":10,"column":4},"end":{"line":10,"column":38}},"5":{"start":{"line":5,"column":13},"end":{"line":5,"column":26}},"6":{"start":{"line":9,"column":2},"end":{"line":11,"column":null}},"7":{"start":{"line":5,"column":13},"end":{"line":12,"column":null}}},"fnMap":{"0":{"name":"(anonymous_2)","decl":{"start":{"line":6,"column":2},"end":{"line":6,"column":31}},"loc":{"start":{"line":6,"column":53},"end":{"line":6,"column":57}}},"1":{"name":"(anonymous_3)","decl":{"start":{"line":9,"column":2},"end":{"line":9,"column":10}},"loc":{"start":{"line":9,"column":10},"end":{"line":11,"column":3}}}},"branchMap":{"0":{"loc":{"start":{"line":6,"column":43},"end":{"line":6,"column":56}},"type":"cond-expr","locations":[{"start":{"line":6,"column":53},"end":{"line":6,"column":56}},{"start":{"line":6,"column":53},"end":{"line":6,"column":56}}]},"1":{"loc":{"start":{"line":6,"column":43},"end":{"line":6,"column":53}},"type":"binary-expr","locations":[{"start":{"line":6,"column":43},"end":{"line":6,"column":56}},{"start":{"line":6,"column":43},"end":{"line":6,"column":53}}]}},"s":{"0":5,"1":5,"2":5,"3":5,"4":1,"5":5,"6":5,"7":5},"f":{"0":5,"1":1},"b":{"0":[5,0],"1":[5,5]}}
,"/home/pelayo/projects/personal/timesheet/timesheet_backend/src/app.module.ts": {"path":"/home/pelayo/projects/personal/timesheet/timesheet_backend/src/app.module.ts","statementMap":{"0":{"start":{"line":1,"column":0},"end":{"line":1,"column":39}},"1":{"start":{"line":2,"column":0},"end":{"line":2,"column":47}},"2":{"start":{"line":3,"column":0},"end":{"line":3,"column":48}},"3":{"start":{"line":4,"column":0},"end":{"line":4,"column":42}},"4":{"start":{"line":5,"column":0},"end":{"line":5,"column":47}},"5":{"start":{"line":6,"column":0},"end":{"line":6,"column":47}},"6":{"start":{"line":7,"column":0},"end":{"line":7,"column":53}},"7":{"start":{"line":8,"column":0},"end":{"line":8,"column":55}},"8":{"start":{"line":9,"column":0},"end":{"line":9,"column":60}},"9":{"start":{"line":10,"column":0},"end":{"line":10,"column":51}},"10":{"start":{"line":11,"column":0},"end":{"line":11,"column":80}},"11":{"start":{"line":12,"column":0},"end":{"line":12,"column":71}},"12":{"start":{"line":13,"column":0},"end":{"line":13,"column":63}},"13":{"start":{"line":37,"column":7},"end":{"line":37,"column":null}},"14":{"start":{"line":37,"column":13},"end":{"line":37,"column":22}},"15":{"start":{"line":37,"column":13},"end":{"line":37,"column":null}},"16":{"start":{"line":21,"column":46},"end":{"line":24,"column":8}}},"fnMap":{"0":{"name":"(anonymous_1)","decl":{"start":{"line":21,"column":18},"end":{"line":21,"column":19}},"loc":{"start":{"line":21,"column":46},"end":{"line":24,"column":8}}}},"branchMap":{},"s":{"0":5,"1":5,"2":5,"3":5,"4":5,"5":5,"6":5,"7":5,"8":5,"9":5,"10":5,"11":5,"12":5,"13":5,"14":5,"15":5,"16":5},"f":{"0":5},"b":{}}
,"/home/pelayo/projects/personal/timesheet/timesheet_backend/src/app.service.ts": {"path":"/home/pelayo/projects/personal/timesheet/timesheet_backend/src/app.service.ts","statementMap":{"0":{"start":{"line":1,"column":0},"end":{"line":1,"column":44}},"1":{"start":{"line":4,"column":7},"end":{"line":8,"column":null}},"2":{"start":{"line":6,"column":4},"end":{"line":6,"column":26}},"3":{"start":{"line":4,"column":13},"end":{"line":4,"column":23}},"4":{"start":{"line":4,"column":13},"end":{"line":8,"column":null}}},"fnMap":{"0":{"name":"(anonymous_1)","decl":{"start":{"line":5,"column":2},"end":{"line":5,"column":10}},"loc":{"start":{"line":5,"column":10},"end":{"line":7,"column":3}}}},"branchMap":{},"s":{"0":5,"1":5,"2":1,"3":5,"4":5},"f":{"0":1},"b":{}}
,"/home/pelayo/projects/personal/timesheet/timesheet_backend/src/main.ts": {"path":"/home/pelayo/projects/personal/timesheet/timesheet_backend/src/main.ts","statementMap":{"0":{"start":{"line":1,"column":0},"end":{"line":1,"column":22}},"1":{"start":{"line":2,"column":0},"end":{"line":2,"column":42}},"2":{"start":{"line":3,"column":0},"end":{"line":3,"column":40}},"3":{"start":{"line":4,"column":0},"end":{"line":4,"column":47}},"4":{"start":{"line":7,"column":14},"end":{"line":7,"column":49}},"5":{"start":{"line":8,"column":2},"end":{"line":8,"column":null}},"6":{"start":{"line":9,"column":2},"end":{"line":9,"column":null}},"7":{"start":{"line":10,"column":2},"end":{"line":10,"column":null}},"8":{"start":{"line":12,"column":0},"end":{"line":12,"column":null}}},"fnMap":{"0":{"name":"bootstrap","decl":{"start":{"line":6,"column":15},"end":{"line":6,"column":24}},"loc":{"start":{"line":6,"column":24},"end":{"line":11,"column":1}}}},"branchMap":{"0":{"loc":{"start":{"line":10,"column":19},"end":{"line":10,"column":43}},"type":"binary-expr","locations":[{"start":{"line":10,"column":19},"end":{"line":10,"column":35}},{"start":{"line":10,"column":39},"end":{"line":10,"column":43}}]}},"s":{"0":0,"1":0,"2":0,"3":0,"4":0,"5":0,"6":0,"7":0,"8":0},"f":{"0":0},"b":{"0":[0,0]}}
,"/home/pelayo/projects/personal/timesheet/timesheet_backend/src/auth/auth.controller.ts": {"path":"/home/pelayo/projects/personal/timesheet/timesheet_backend/src/auth/auth.controller.ts","statementMap":{"0":{"start":{"line":1,"column":0},"end":{"line":1,"column":78}},"1":{"start":{"line":2,"column":0},"end":{"line":2,"column":44}},"2":{"start":{"line":3,"column":0},"end":{"line":3,"column":42}},"3":{"start":{"line":6,"column":7},"end":{"line":17,"column":null}},"4":{"start":{"line":7,"column":22},"end":{"line":7,"column":35}},"5":{"start":{"line":11,"column":17},"end":{"line":11,"column":87}},"6":{"start":{"line":12,"column":4},"end":{"line":14,"column":5}},"7":{"start":{"line":13,"column":6},"end":{"line":13,"column":null}},"8":{"start":{"line":15,"column":4},"end":{"line":15,"column":null}},"9":{"start":{"line":6,"column":13},"end":{"line":6,"column":27}},"10":{"start":{"line":10,"column":8},"end":{"line":16,"column":null}},"11":{"start":{"line":6,"column":13},"end":{"line":17,"column":null}}},"fnMap":{"0":{"name":"(anonymous_4)","decl":{"start":{"line":7,"column":2},"end":{"line":7,"column":22}},"loc":{"start":{"line":7,"column":46},"end":{"line":7,"column":50}}},"1":{"name":"(anonymous_5)","decl":{"start":{"line":10,"column":8},"end":{"line":10,"column":13}},"loc":{"start":{"line":10,"column":40},"end":{"line":16,"column":3}}}},"branchMap":{"0":{"loc":{"start":{"line":12,"column":4},"end":{"line":14,"column":5}},"type":"if","locations":[{"start":{"line":12,"column":4},"end":{"line":14,"column":5}},{"start":{},"end":{}}]},"1":{"loc":{"start":{"line":10,"column":32},"end":{"line":10,"column":null}},"type":"cond-expr","locations":[{"start":{"line":10,"column":40},"end":{"line":10,"column":null}},{"start":{"line":10,"column":40},"end":{"line":10,"column":null}}]},"2":{"loc":{"start":{"line":10,"column":32},"end":{"line":10,"column":40}},"type":"binary-expr","locations":[{"start":{"line":10,"column":32},"end":{"line":10,"column":null}},{"start":{"line":10,"column":32},"end":{"line":10,"column":40}}]},"3":{"loc":{"start":{"line":7,"column":35},"end":{"line":7,"column":49}},"type":"cond-expr","locations":[{"start":{"line":7,"column":46},"end":{"line":7,"column":49}},{"start":{"line":7,"column":46},"end":{"line":7,"column":49}}]},"4":{"loc":{"start":{"line":7,"column":35},"end":{"line":7,"column":46}},"type":"binary-expr","locations":[{"start":{"line":7,"column":35},"end":{"line":7,"column":49}},{"start":{"line":7,"column":35},"end":{"line":7,"column":46}}]}},"s":{"0":5,"1":5,"2":5,"3":5,"4":24,"5":24,"6":24,"7":1,"8":23,"9":5,"10":5,"11":5},"f":{"0":24,"1":24},"b":{"0":[1,23],"1":[5,0],"2":[5,5],"3":[5,0],"4":[5,5]}}
,"/home/pelayo/projects/personal/timesheet/timesheet_backend/src/auth/auth.module.ts": {"path":"/home/pelayo/projects/personal/timesheet/timesheet_backend/src/auth/auth.module.ts","statementMap":{"0":{"start":{"line":1,"column":0},"end":{"line":1,"column":39}},"1":{"start":{"line":2,"column":0},"end":{"line":2,"column":39}},"2":{"start":{"line":3,"column":0},"end":{"line":3,"column":49}},"3":{"start":{"line":4,"column":0},"end":{"line":4,"column":48}},"4":{"start":{"line":5,"column":0},"end":{"line":5,"column":47}},"5":{"start":{"line":6,"column":0},"end":{"line":6,"column":51}},"6":{"start":{"line":7,"column":0},"end":{"line":7,"column":50}},"7":{"start":{"line":8,"column":0},"end":{"line":8,"column":44}},"8":{"start":{"line":9,"column":0},"end":{"line":9,"column":44}},"9":{"start":{"line":10,"column":0},"end":{"line":10,"column":42}},"10":{"start":{"line":11,"column":0},"end":{"line":11,"column":54}},"11":{"start":{"line":12,"column":0},"end":{"line":12,"column":56}},"12":{"start":{"line":32,"column":7},"end":{"line":32,"column":null}},"13":{"start":{"line":32,"column":13},"end":{"line":32,"column":23}},"14":{"start":{"line":32,"column":13},"end":{"line":32,"column":null}},"15":{"start":{"line":23,"column":46},"end":{"line":26,"column":8}}},"fnMap":{"0":{"name":"(anonymous_1)","decl":{"start":{"line":23,"column":18},"end":{"line":23,"column":19}},"loc":{"start":{"line":23,"column":46},"end":{"line":26,"column":8}}}},"branchMap":{},"s":{"0":5,"1":5,"2":5,"3":5,"4":5,"5":5,"6":5,"7":5,"8":5,"9":5,"10":5,"11":5,"12":5,"13":5,"14":5,"15":5},"f":{"0":5},"b":{}}
,"/home/pelayo/projects/personal/timesheet/timesheet_backend/src/auth/auth.service.ts": {"path":"/home/pelayo/projects/personal/timesheet/timesheet_backend/src/auth/auth.service.ts","statementMap":{"0":{"start":{"line":1,"column":0},"end":{"line":1,"column":43}},"1":{"start":{"line":2,"column":0},"end":{"line":2,"column":40}},"2":{"start":{"line":3,"column":0},"end":{"line":3,"column":50}},"3":{"start":{"line":7,"column":7},"end":{"line":29,"column":null}},"4":{"start":{"line":9,"column":12},"end":{"line":9,"column":25}},"5":{"start":{"line":10,"column":12},"end":{"line":10,"column":24}},"6":{"start":{"line":14,"column":17},"end":{"line":14,"column":73}},"7":{"start":{"line":16,"column":4},"end":{"line":19,"column":5}},"8":{"start":{"line":17,"column":40},"end":{"line":17,"column":44}},"9":{"start":{"line":18,"column":6},"end":{"line":18,"column":null}},"10":{"start":{"line":20,"column":4},"end":{"line":20,"column":null}},"11":{"start":{"line":24,"column":20},"end":{"line":24,"column":72}},"12":{"start":{"line":25,"column":4},"end":{"line":27,"column":null}},"13":{"start":{"line":7,"column":13},"end":{"line":7,"column":24}},"14":{"start":{"line":7,"column":13},"end":{"line":29,"column":null}}},"fnMap":{"0":{"name":"(anonymous_2)","decl":{"start":{"line":8,"column":2},"end":{"line":8,"column":null}},"loc":{"start":{"line":10,"column":34},"end":{"line":11,"column":6}}},"1":{"name":"(anonymous_3)","decl":{"start":{"line":13,"column":2},"end":{"line":13,"column":7}},"loc":{"start":{"line":13,"column":48},"end":{"line":21,"column":3}}},"2":{"name":"(anonymous_4)","decl":{"start":{"line":23,"column":2},"end":{"line":23,"column":7}},"loc":{"start":{"line":23,"column":24},"end":{"line":28,"column":3}}}},"branchMap":{"0":{"loc":{"start":{"line":16,"column":4},"end":{"line":19,"column":5}},"type":"if","locations":[{"start":{"line":16,"column":4},"end":{"line":19,"column":5}},{"start":{},"end":{}}]},"1":{"loc":{"start":{"line":16,"column":8},"end":{"line":16,"column":38}},"type":"binary-expr","locations":[{"start":{"line":16,"column":8},"end":{"line":16,"column":12}},{"start":{"line":16,"column":16},"end":{"line":16,"column":38}}]},"2":{"loc":{"start":{"line":9,"column":25},"end":{"line":9,"column":null}},"type":"cond-expr","locations":[{"start":{"line":9,"column":36},"end":{"line":9,"column":null}},{"start":{"line":9,"column":36},"end":{"line":9,"column":null}}]},"3":{"loc":{"start":{"line":9,"column":25},"end":{"line":9,"column":36}},"type":"binary-expr","locations":[{"start":{"line":9,"column":25},"end":{"line":9,"column":null}},{"start":{"line":9,"column":25},"end":{"line":9,"column":36}}]},"4":{"loc":{"start":{"line":9,"column":36},"end":{"line":10,"column":null}},"type":"cond-expr","locations":[{"start":{"line":10,"column":34},"end":{"line":10,"column":null}},{"start":{"line":10,"column":34},"end":{"line":10,"column":null}}]},"5":{"loc":{"start":{"line":9,"column":36},"end":{"line":10,"column":34}},"type":"binary-expr","locations":[{"start":{"line":9,"column":36},"end":{"line":10,"column":null}},{"start":{"line":10,"column":24},"end":{"line":10,"column":34}}]}},"s":{"0":5,"1":5,"2":5,"3":5,"4":24,"5":24,"6":24,"7":24,"8":23,"9":23,"10":1,"11":23,"12":23,"13":5,"14":5},"f":{"0":24,"1":24,"2":23},"b":{"0":[23,1],"1":[24,24],"2":[5,0],"3":[5,5],"4":[5,0],"5":[5,5]}}
,"/home/pelayo/projects/personal/timesheet/timesheet_backend/src/auth/jwt.strategy.ts": {"path":"/home/pelayo/projects/personal/timesheet/timesheet_backend/src/auth/jwt.strategy.ts","statementMap":{"0":{"start":{"line":1,"column":0},"end":{"line":1,"column":66}},"1":{"start":{"line":2,"column":0},"end":{"line":2,"column":51}},"2":{"start":{"line":3,"column":0},"end":{"line":3,"column":51}},"3":{"start":{"line":4,"column":0},"end":{"line":4,"column":51}},"4":{"start":{"line":5,"column":0},"end":{"line":5,"column":50}},"5":{"start":{"line":6,"column":0},"end":{"line":6,"column":36}},"6":{"start":{"line":7,"column":0},"end":{"line":7,"column":56}},"7":{"start":{"line":10,"column":7},"end":{"line":32,"column":null}},"8":{"start":{"line":16,"column":4},"end":{"line":20,"column":null}},"9":{"start":{"line":13,"column":21},"end":{"line":13,"column":37}},"10":{"start":{"line":24,"column":17},"end":{"line":24,"column":82}},"11":{"start":{"line":26,"column":4},"end":{"line":28,"column":5}},"12":{"start":{"line":27,"column":6},"end":{"line":27,"column":null}},"13":{"start":{"line":30,"column":4},"end":{"line":30,"column":null}},"14":{"start":{"line":10,"column":13},"end":{"line":10,"column":24}},"15":{"start":{"line":10,"column":13},"end":{"line":32,"column":null}}},"fnMap":{"0":{"name":"(anonymous_4)","decl":{"start":{"line":11,"column":2},"end":{"line":11,"column":null}},"loc":{"start":{"line":14,"column":32},"end":{"line":21,"column":3}}},"1":{"name":"(anonymous_5)","decl":{"start":{"line":23,"column":2},"end":{"line":23,"column":7}},"loc":{"start":{"line":23,"column":29},"end":{"line":31,"column":3}}}},"branchMap":{"0":{"loc":{"start":{"line":26,"column":4},"end":{"line":28,"column":5}},"type":"if","locations":[{"start":{"line":26,"column":4},"end":{"line":28,"column":5}},{"start":{},"end":{}}]},"1":{"loc":{"start":{"line":13,"column":37},"end":{"line":13,"column":53}},"type":"cond-expr","locations":[{"start":{"line":13,"column":47},"end":{"line":13,"column":53}},{"start":{"line":13,"column":47},"end":{"line":13,"column":53}}]},"2":{"loc":{"start":{"line":13,"column":37},"end":{"line":13,"column":47}},"type":"binary-expr","locations":[{"start":{"line":13,"column":37},"end":{"line":13,"column":53}},{"start":{"line":13,"column":37},"end":{"line":13,"column":47}}]},"3":{"loc":{"start":{"line":13,"column":47},"end":{"line":14,"column":null}},"type":"cond-expr","locations":[{"start":{"line":14,"column":32},"end":{"line":14,"column":null}},{"start":{"line":14,"column":32},"end":{"line":14,"column":null}}]},"4":{"loc":{"start":{"line":13,"column":47},"end":{"line":14,"column":32}},"type":"binary-expr","locations":[{"start":{"line":13,"column":47},"end":{"line":14,"column":null}},{"start":{"line":14,"column":19},"end":{"line":14,"column":32}}]}},"s":{"0":5,"1":5,"2":5,"3":5,"4":5,"5":5,"6":5,"7":5,"8":5,"9":5,"10":17,"11":17,"12":0,"13":17,"14":5,"15":5},"f":{"0":5,"1":17},"b":{"0":[0,17],"1":[5,0],"2":[5,5],"3":[5,0],"4":[5,5]}}
,"/home/pelayo/projects/personal/timesheet/timesheet_backend/src/auth/roles.decorator.ts": {"path":"/home/pelayo/projects/personal/timesheet/timesheet_backend/src/auth/roles.decorator.ts","statementMap":{"0":{"start":{"line":1,"column":0},"end":{"line":1,"column":44}},"1":{"start":{"line":4,"column":13},"end":{"line":4,"column":null}},"2":{"start":{"line":5,"column":21},"end":{"line":5,"column":72}},"3":{"start":{"line":5,"column":43},"end":{"line":5,"column":72}},"4":{"start":{"line":5,"column":13},"end":{"line":5,"column":21}}},"fnMap":{"0":{"name":"(anonymous_0)","decl":{"start":{"line":5,"column":21},"end":{"line":5,"column":22}},"loc":{"start":{"line":5,"column":43},"end":{"line":5,"column":72}}}},"branchMap":{},"s":{"0":5,"1":5,"2":5,"3":50,"4":5},"f":{"0":50},"b":{}}
,"/home/pelayo/projects/personal/timesheet/timesheet_backend/src/auth/roles.guard.ts": {"path":"/home/pelayo/projects/personal/timesheet/timesheet_backend/src/auth/roles.guard.ts","statementMap":{"0":{"start":{"line":1,"column":0},"end":{"line":1,"column":97}},"1":{"start":{"line":2,"column":0},"end":{"line":2,"column":40}},"2":{"start":{"line":3,"column":0},"end":{"line":3,"column":45}},"3":{"start":{"line":8,"column":7},"end":{"line":30,"column":null}},"4":{"start":{"line":9,"column":22},"end":{"line":9,"column":33}},"5":{"start":{"line":12,"column":26},"end":{"line":15,"column":6}},"6":{"start":{"line":17,"column":4},"end":{"line":19,"column":5}},"7":{"start":{"line":18,"column":6},"end":{"line":18,"column":null}},"8":{"start":{"line":21,"column":20},"end":{"line":21,"column":72}},"9":{"start":{"line":22,"column":17},"end":{"line":22,"column":29}},"10":{"start":{"line":24,"column":4},"end":{"line":26,"column":5}},"11":{"start":{"line":25,"column":6},"end":{"line":25,"column":null}},"12":{"start":{"line":28,"column":4},"end":{"line":28,"column":null}},"13":{"start":{"line":8,"column":13},"end":{"line":8,"column":23}},"14":{"start":{"line":8,"column":13},"end":{"line":30,"column":null}}},"fnMap":{"0":{"name":"(anonymous_2)","decl":{"start":{"line":9,"column":2},"end":{"line":9,"column":22}},"loc":{"start":{"line":9,"column":42},"end":{"line":9,"column":46}}},"1":{"name":"(anonymous_3)","decl":{"start":{"line":11,"column":2},"end":{"line":11,"column":13}},"loc":{"start":{"line":11,"column":39},"end":{"line":29,"column":3}}}},"branchMap":{"0":{"loc":{"start":{"line":17,"column":4},"end":{"line":19,"column":5}},"type":"if","locations":[{"start":{"line":17,"column":4},"end":{"line":19,"column":5}},{"start":{},"end":{}}]},"1":{"loc":{"start":{"line":17,"column":8},"end":{"line":17,"column":52}},"type":"binary-expr","locations":[{"start":{"line":17,"column":8},"end":{"line":17,"column":22}},{"start":{"line":17,"column":26},"end":{"line":17,"column":52}}]},"2":{"loc":{"start":{"line":24,"column":4},"end":{"line":26,"column":5}},"type":"if","locations":[{"start":{"line":24,"column":4},"end":{"line":26,"column":5}},{"start":{},"end":{}}]},"3":{"loc":{"start":{"line":9,"column":33},"end":{"line":9,"column":45}},"type":"cond-expr","locations":[{"start":{"line":9,"column":42},"end":{"line":9,"column":45}},{"start":{"line":9,"column":42},"end":{"line":9,"column":45}}]},"4":{"loc":{"start":{"line":9,"column":33},"end":{"line":9,"column":42}},"type":"binary-expr","locations":[{"start":{"line":9,"column":33},"end":{"line":9,"column":45}},{"start":{"line":9,"column":33},"end":{"line":9,"column":42}}]}},"s":{"0":5,"1":5,"2":5,"3":5,"4":35,"5":8,"6":8,"7":0,"8":8,"9":8,"10":8,"11":0,"12":8,"13":5,"14":5},"f":{"0":35,"1":8},"b":{"0":[0,8],"1":[8,8],"2":[0,8],"3":[5,0],"4":[5,5]}}
,"/home/pelayo/projects/personal/timesheet/timesheet_backend/src/auth/decorators/get-user.decorator.ts": {"path":"/home/pelayo/projects/personal/timesheet/timesheet_backend/src/auth/decorators/get-user.decorator.ts","statementMap":{"0":{"start":{"line":1,"column":0},"end":{"line":1,"column":71}},"1":{"start":{"line":3,"column":13},"end":{"line":8,"column":null}},"2":{"start":{"line":5,"column":20},"end":{"line":5,"column":51}},"3":{"start":{"line":6,"column":4},"end":{"line":6,"column":null}}},"fnMap":{"0":{"name":"(anonymous_0)","decl":{"start":{"line":4,"column":2},"end":{"line":4,"column":3}},"loc":{"start":{"line":4,"column":43},"end":{"line":7,"column":3}}}},"branchMap":{},"s":{"0":5,"1":5,"2":9,"3":9},"f":{"0":9},"b":{}}
,"/home/pelayo/projects/personal/timesheet/timesheet_backend/src/auth/dto/login.dto.ts": {"path":"/home/pelayo/projects/personal/timesheet/timesheet_backend/src/auth/dto/login.dto.ts","statementMap":{"0":{"start":{"line":1,"column":0},"end":{"line":1,"column":63}},"1":{"start":{"line":3,"column":0},"end":{"line":3,"column":13}},"2":{"start":{"line":6,"column":2},"end":{"line":6,"column":null}},"3":{"start":{"line":10,"column":2},"end":{"line":10,"column":null}}},"fnMap":{},"branchMap":{},"s":{"0":5,"1":5,"2":5,"3":5},"f":{},"b":{}}
,"/home/pelayo/projects/personal/timesheet/timesheet_backend/src/common/current-user.service.ts": {"path":"/home/pelayo/projects/personal/timesheet/timesheet_backend/src/common/current-user.service.ts","statementMap":{"0":{"start":{"line":1,"column":0},"end":{"line":1,"column":81}},"1":{"start":{"line":2,"column":0},"end":{"line":2,"column":38}},"2":{"start":{"line":6,"column":7},"end":{"line":19,"column":null}},"3":{"start":{"line":9,"column":21},"end":{"line":9,"column":57}},"4":{"start":{"line":13,"column":4},"end":{"line":15,"column":5}},"5":{"start":{"line":14,"column":6},"end":{"line":14,"column":null}},"6":{"start":{"line":17,"column":4},"end":{"line":17,"column":null}},"7":{"start":{"line":6,"column":13},"end":{"line":6,"column":31}},"8":{"start":{"line":6,"column":13},"end":{"line":19,"column":null}}},"fnMap":{"0":{"name":"(anonymous_4)","decl":{"start":{"line":7,"column":2},"end":{"line":7,"column":null}},"loc":{"start":{"line":9,"column":57},"end":{"line":10,"column":6}}},"1":{"name":"(anonymous_5)","decl":{"start":{"line":12,"column":2},"end":{"line":12,"column":5}},"loc":{"start":{"line":12,"column":5},"end":{"line":18,"column":3}}}},"branchMap":{"0":{"loc":{"start":{"line":13,"column":4},"end":{"line":15,"column":5}},"type":"if","locations":[{"start":{"line":13,"column":4},"end":{"line":15,"column":5}},{"start":{},"end":{}}]}},"s":{"0":5,"1":5,"2":5,"3":28,"4":3,"5":0,"6":3,"7":5,"8":5},"f":{"0":28,"1":3},"b":{"0":[0,3]}}
,"/home/pelayo/projects/personal/timesheet/timesheet_backend/src/config/config.module.ts": {"path":"/home/pelayo/projects/personal/timesheet/timesheet_backend/src/config/config.module.ts","statementMap":{"0":{"start":{"line":1,"column":0},"end":{"line":1,"column":39}},"1":{"start":{"line":2,"column":0},"end":{"line":2,"column":48}},"2":{"start":{"line":8,"column":7},"end":{"line":8,"column":null}},"3":{"start":{"line":8,"column":13},"end":{"line":8,"column":25}},"4":{"start":{"line":8,"column":13},"end":{"line":8,"column":null}}},"fnMap":{},"branchMap":{},"s":{"0":5,"1":5,"2":5,"3":5,"4":5},"f":{},"b":{}}
,"/home/pelayo/projects/personal/timesheet/timesheet_backend/src/config/config.service.ts": {"path":"/home/pelayo/projects/personal/timesheet/timesheet_backend/src/config/config.service.ts","statementMap":{"0":{"start":{"line":1,"column":0},"end":{"line":1,"column":43}},"1":{"start":{"line":3,"column":0},"end":{"line":3,"column":51}},"2":{"start":{"line":6,"column":7},"end":{"line":69,"column":null}},"3":{"start":{"line":10,"column":4},"end":{"line":10,"column":null}},"4":{"start":{"line":14,"column":18},"end":{"line":14,"column":47}},"5":{"start":{"line":15,"column":4},"end":{"line":17,"column":5}},"6":{"start":{"line":16,"column":6},"end":{"line":16,"column":null}},"7":{"start":{"line":18,"column":4},"end":{"line":18,"column":null}},"8":{"start":{"line":22,"column":16},"end":{"line":22,"column":29}},"9":{"start":{"line":23,"column":4},"end":{"line":28,"column":5}},"10":{"start":{"line":24,"column":6},"end":{"line":26,"column":7}},"11":{"start":{"line":25,"column":8},"end":{"line":25,"column":null}},"12":{"start":{"line":27,"column":6},"end":{"line":27,"column":null}},"13":{"start":{"line":29,"column":19},"end":{"line":29,"column":30}},"14":{"start":{"line":30,"column":4},"end":{"line":32,"column":5}},"15":{"start":{"line":31,"column":6},"end":{"line":31,"column":null}},"16":{"start":{"line":33,"column":4},"end":{"line":33,"column":null}},"17":{"start":{"line":37,"column":4},"end":{"line":37,"column":null}},"18":{"start":{"line":41,"column":4},"end":{"line":41,"column":null}},"19":{"start":{"line":45,"column":23},"end":{"line":45,"column":76}},"20":{"start":{"line":46,"column":19},"end":{"line":46,"column":32}},"21":{"start":{"line":48,"column":4},"end":{"line":59,"column":5}},"22":{"start":{"line":49,"column":6},"end":{"line":58,"column":null}},"23":{"start":{"line":61,"column":4},"end":{"line":67,"column":null}},"24":{"start":{"line":6,"column":13},"end":{"line":6,"column":26}},"25":{"start":{"line":6,"column":13},"end":{"line":69,"column":null}}},"fnMap":{"0":{"name":"(anonymous_2)","decl":{"start":{"line":9,"column":2},"end":{"line":9,"column":null}},"loc":{"start":{"line":9,"column":2},"end":{"line":11,"column":3}}},"1":{"name":"(anonymous_3)","decl":{"start":{"line":13,"column":2},"end":{"line":13,"column":11}},"loc":{"start":{"line":13,"column":46},"end":{"line":19,"column":3}}},"2":{"name":"(anonymous_4)","decl":{"start":{"line":21,"column":2},"end":{"line":21,"column":11}},"loc":{"start":{"line":21,"column":46},"end":{"line":34,"column":3}}},"3":{"name":"(anonymous_5)","decl":{"start":{"line":36,"column":2},"end":{"line":36,"column":8}},"loc":{"start":{"line":36,"column":8},"end":{"line":38,"column":3}}},"4":{"name":"(anonymous_6)","decl":{"start":{"line":40,"column":2},"end":{"line":40,"column":14}},"loc":{"start":{"line":40,"column":14},"end":{"line":42,"column":3}}},"5":{"name":"(anonymous_7)","decl":{"start":{"line":44,"column":2},"end":{"line":44,"column":19}},"loc":{"start":{"line":44,"column":19},"end":{"line":68,"column":3}}}},"branchMap":{"0":{"loc":{"start":{"line":14,"column":18},"end":{"line":14,"column":47}},"type":"binary-expr","locations":[{"start":{"line":14,"column":18},"end":{"line":14,"column":31}},{"start":{"line":14,"column":35},"end":{"line":14,"column":47}}]},"1":{"loc":{"start":{"line":15,"column":4},"end":{"line":17,"column":5}},"type":"if","locations":[{"start":{"line":15,"column":4},"end":{"line":17,"column":5}},{"start":{},"end":{}}]},"2":{"loc":{"start":{"line":23,"column":4},"end":{"line":28,"column":5}},"type":"if","locations":[{"start":{"line":23,"column":4},"end":{"line":28,"column":5}},{"start":{},"end":{}}]},"3":{"loc":{"start":{"line":24,"column":6},"end":{"line":26,"column":7}},"type":"if","locations":[{"start":{"line":24,"column":6},"end":{"line":26,"column":7}},{"start":{},"end":{}}]},"4":{"loc":{"start":{"line":30,"column":4},"end":{"line":32,"column":5}},"type":"if","locations":[{"start":{"line":30,"column":4},"end":{"line":32,"column":5}},{"start":{},"end":{}}]},"5":{"loc":{"start":{"line":37,"column":12},"end":{"line":37,"column":35}},"type":"binary-expr","locations":[{"start":{"line":37,"column":12},"end":{"line":37,"column":29}},{"start":{"line":37,"column":33},"end":{"line":37,"column":35}}]},"6":{"loc":{"start":{"line":45,"column":24},"end":{"line":45,"column":46}},"type":"binary-expr","locations":[{"start":{"line":45,"column":24},"end":{"line":45,"column":40}},{"start":{"line":45,"column":44},"end":{"line":45,"column":46}}]},"7":{"loc":{"start":{"line":48,"column":4},"end":{"line":59,"column":5}},"type":"if","locations":[{"start":{"line":48,"column":4},"end":{"line":59,"column":5}},{"start":{},"end":{}}]},"8":{"loc":{"start":{"line":63,"column":16},"end":{"line":63,"column":87}},"type":"cond-expr","locations":[{"start":{"line":63,"column":25},"end":{"line":63,"column":35}},{"start":{"line":63,"column":38},"end":{"line":63,"column":87}}]}},"s":{"0":5,"1":5,"2":5,"3":5,"4":10,"5":10,"6":0,"7":10,"8":0,"9":0,"10":0,"11":0,"12":0,"13":0,"14":0,"15":0,"16":0,"17":5,"18":10,"19":5,"20":5,"21":5,"22":0,"23":5,"24":5,"25":5},"f":{"0":5,"1":10,"2":0,"3":5,"4":10,"5":5},"b":{"0":[10,0],"1":[0,10],"2":[0,0],"3":[0,0],"4":[0,0],"5":[5,0],"6":[5,5],"7":[0,5],"8":[5,0]}}
,"/home/pelayo/projects/personal/timesheet/timesheet_backend/src/project-members/admin-project-members.controller.ts": {"path":"/home/pelayo/projects/personal/timesheet/timesheet_backend/src/project-members/admin-project-members.controller.ts","statementMap":{"0":{"start":{"line":1,"column":0},"end":{"line":1,"column":147}},"1":{"start":{"line":2,"column":0},"end":{"line":2,"column":45}},"2":{"start":{"line":3,"column":0},"end":{"line":3,"column":52}},"3":{"start":{"line":4,"column":0},"end":{"line":4,"column":66}},"4":{"start":{"line":5,"column":0},"end":{"line":5,"column":73}},"5":{"start":{"line":6,"column":0},"end":{"line":6,"column":77}},"6":{"start":{"line":7,"column":0},"end":{"line":7,"column":49}},"7":{"start":{"line":8,"column":0},"end":{"line":8,"column":48}},"8":{"start":{"line":9,"column":0},"end":{"line":9,"column":50}},"9":{"start":{"line":15,"column":7},"end":{"line":40,"column":null}},"10":{"start":{"line":16,"column":31},"end":{"line":16,"column":47}},"11":{"start":{"line":23,"column":19},"end":{"line":23,"column":70}},"12":{"start":{"line":24,"column":4},"end":{"line":24,"column":96}},"13":{"start":{"line":29,"column":20},"end":{"line":29,"column":64}},"14":{"start":{"line":30,"column":4},"end":{"line":30,"column":109}},"15":{"start":{"line":30,"column":28},"end":{"line":30,"column":107}},"16":{"start":{"line":38,"column":4},"end":{"line":38,"column":62}},"17":{"start":{"line":15,"column":13},"end":{"line":15,"column":42}},"18":{"start":{"line":19,"column":8},"end":{"line":25,"column":null}},"19":{"start":{"line":28,"column":8},"end":{"line":31,"column":null}},"20":{"start":{"line":34,"column":8},"end":{"line":39,"column":null}},"21":{"start":{"line":15,"column":13},"end":{"line":40,"column":null}}},"fnMap":{"0":{"name":"(anonymous_4)","decl":{"start":{"line":16,"column":2},"end":{"line":16,"column":31}},"loc":{"start":{"line":16,"column":68},"end":{"line":16,"column":72}}},"1":{"name":"(anonymous_5)","decl":{"start":{"line":19,"column":8},"end":{"line":19,"column":17}},"loc":{"start":{"line":21,"column":39},"end":{"line":25,"column":3}}},"2":{"name":"(anonymous_6)","decl":{"start":{"line":28,"column":8},"end":{"line":28,"column":15}},"loc":{"start":{"line":28,"column":68},"end":{"line":31,"column":3}}},"3":{"name":"(anonymous_7)","decl":{"start":{"line":30,"column":23},"end":{"line":30,"column":24}},"loc":{"start":{"line":30,"column":28},"end":{"line":30,"column":107}}},"4":{"name":"(anonymous_8)","decl":{"start":{"line":34,"column":8},"end":{"line":34,"column":20}},"loc":{"start":{"line":36,"column":50},"end":{"line":39,"column":3}}}},"branchMap":{"0":{"loc":{"start":{"line":21,"column":17},"end":{"line":21,"column":null}},"type":"cond-expr","locations":[{"start":{"line":21,"column":39},"end":{"line":21,"column":null}},{"start":{"line":21,"column":39},"end":{"line":21,"column":null}}]},"1":{"loc":{"start":{"line":21,"column":17},"end":{"line":21,"column":39}},"type":"binary-expr","locations":[{"start":{"line":21,"column":17},"end":{"line":21,"column":null}},{"start":{"line":21,"column":17},"end":{"line":21,"column":39}}]},"2":{"loc":{"start":{"line":22,"column":5},"end":{"line":22,"column":null}},"type":"cond-expr","locations":[{"start":{"line":22,"column":12},"end":{"line":22,"column":null}},{"start":{"line":22,"column":12},"end":{"line":22,"column":null}}]},"3":{"loc":{"start":{"line":22,"column":5},"end":{"line":22,"column":12}},"type":"binary-expr","locations":[{"start":{"line":22,"column":5},"end":{"line":22,"column":null}},{"start":{"line":22,"column":5},"end":{"line":22,"column":12}}]},"4":{"loc":{"start":{"line":28,"column":71},"end":{"line":28,"column":null}},"type":"cond-expr","locations":[{"start":{"line":28,"column":78},"end":{"line":28,"column":null}},{"start":{"line":28,"column":78},"end":{"line":28,"column":null}}]},"5":{"loc":{"start":{"line":28,"column":71},"end":{"line":28,"column":78}},"type":"binary-expr","locations":[{"start":{"line":28,"column":71},"end":{"line":28,"column":null}},{"start":{"line":28,"column":71},"end":{"line":28,"column":78}}]},"6":{"loc":{"start":{"line":37,"column":5},"end":{"line":37,"column":null}},"type":"cond-expr","locations":[{"start":{"line":37,"column":12},"end":{"line":37,"column":null}},{"start":{"line":37,"column":12},"end":{"line":37,"column":null}}]},"7":{"loc":{"start":{"line":37,"column":5},"end":{"line":37,"column":12}},"type":"binary-expr","locations":[{"start":{"line":37,"column":5},"end":{"line":37,"column":null}},{"start":{"line":37,"column":5},"end":{"line":37,"column":12}}]},"8":{"loc":{"start":{"line":16,"column":47},"end":{"line":16,"column":71}},"type":"cond-expr","locations":[{"start":{"line":16,"column":68},"end":{"line":16,"column":71}},{"start":{"line":16,"column":68},"end":{"line":16,"column":71}}]},"9":{"loc":{"start":{"line":16,"column":47},"end":{"line":16,"column":68}},"type":"binary-expr","locations":[{"start":{"line":16,"column":47},"end":{"line":16,"column":71}},{"start":{"line":16,"column":47},"end":{"line":16,"column":68}}]}},"s":{"0":5,"1":5,"2":5,"3":5,"4":5,"5":5,"6":5,"7":5,"8":5,"9":5,"10":5,"11":0,"12":0,"13":0,"14":0,"15":0,"16":0,"17":5,"18":5,"19":5,"20":5,"21":5},"f":{"0":5,"1":0,"2":0,"3":0,"4":0},"b":{"0":[5,0],"1":[5,5],"2":[5,0],"3":[5,5],"4":[5,0],"5":[5,5],"6":[5,0],"7":[5,5],"8":[5,0],"9":[5,5]}}
,"/home/pelayo/projects/personal/timesheet/timesheet_backend/src/project-members/project-members.module.ts": {"path":"/home/pelayo/projects/personal/timesheet/timesheet_backend/src/project-members/project-members.module.ts","statementMap":{"0":{"start":{"line":1,"column":0},"end":{"line":1,"column":40}},"1":{"start":{"line":2,"column":0},"end":{"line":2,"column":48}},"2":{"start":{"line":3,"column":0},"end":{"line":3,"column":65}},"3":{"start":{"line":4,"column":0},"end":{"line":4,"column":66}},"4":{"start":{"line":5,"column":0},"end":{"line":5,"column":83}},"5":{"start":{"line":13,"column":7},"end":{"line":13,"column":null}},"6":{"start":{"line":13,"column":13},"end":{"line":13,"column":33}},"7":{"start":{"line":13,"column":13},"end":{"line":13,"column":null}}},"fnMap":{},"branchMap":{},"s":{"0":5,"1":5,"2":5,"3":5,"4":5,"5":5,"6":5,"7":5},"f":{},"b":{}}
,"/home/pelayo/projects/personal/timesheet/timesheet_backend/src/project-members/project-members.service.spec.ts": {"path":"/home/pelayo/projects/personal/timesheet/timesheet_backend/src/project-members/project-members.service.spec.ts","statementMap":{"0":{"start":{"line":1,"column":0},"end":{"line":1,"column":54}},"1":{"start":{"line":2,"column":0},"end":{"line":2,"column":53}},"2":{"start":{"line":3,"column":0},"end":{"line":3,"column":66}},"3":{"start":{"line":4,"column":0},"end":{"line":4,"column":65}},"4":{"start":{"line":5,"column":0},"end":{"line":5,"column":70}},"5":{"start":{"line":7,"column":29},"end":{"line":13,"column":2}},"6":{"start":{"line":15,"column":0},"end":{"line":64,"column":3}},"7":{"start":{"line":18,"column":2},"end":{"line":30,"column":5}},"8":{"start":{"line":19,"column":34},"end":{"line":27,"column":16}},"9":{"start":{"line":29,"column":4},"end":{"line":29,"column":71}},"10":{"start":{"line":32,"column":2},"end":{"line":47,"column":5}},"11":{"start":{"line":33,"column":4},"end":{"line":36,"column":7}},"12":{"start":{"line":34,"column":6},"end":{"line":34,"column":57}},"13":{"start":{"line":35,"column":6},"end":{"line":35,"column":97}},"14":{"start":{"line":38,"column":4},"end":{"line":46,"column":7}},"15":{"start":{"line":39,"column":6},"end":{"line":39,"column":59}},"16":{"start":{"line":40,"column":21},"end":{"line":40,"column":54}},"17":{"start":{"line":41,"column":6},"end":{"line":41,"column":58}},"18":{"start":{"line":42,"column":6},"end":{"line":42,"column":58}},"19":{"start":{"line":44,"column":21},"end":{"line":44,"column":68}},"20":{"start":{"line":45,"column":6},"end":{"line":45,"column":37}},"21":{"start":{"line":49,"column":2},"end":{"line":63,"column":5}},"22":{"start":{"line":50,"column":6},"end":{"line":53,"column":9}},"23":{"start":{"line":51,"column":10},"end":{"line":51,"column":63}},"24":{"start":{"line":52,"column":10},"end":{"line":52,"column":92}},"25":{"start":{"line":55,"column":6},"end":{"line":62,"column":9}},"26":{"start":{"line":56,"column":23},"end":{"line":56,"column":56}},"27":{"start":{"line":57,"column":8},"end":{"line":57,"column":63}},"28":{"start":{"line":58,"column":8},"end":{"line":58,"column":62}},"29":{"start":{"line":60,"column":8},"end":{"line":60,"column":47}},"30":{"start":{"line":61,"column":8},"end":{"line":61,"column":73}}},"fnMap":{"0":{"name":"(anonymous_0)","decl":{"start":{"line":15,"column":34},"end":{"line":15,"column":37}},"loc":{"start":{"line":15,"column":39},"end":{"line":64,"column":1}}},"1":{"name":"(anonymous_1)","decl":{"start":{"line":18,"column":13},"end":{"line":18,"column":18}},"loc":{"start":{"line":18,"column":24},"end":{"line":30,"column":3}}},"2":{"name":"(anonymous_2)","decl":{"start":{"line":32,"column":24},"end":{"line":32,"column":27}},"loc":{"start":{"line":32,"column":29},"end":{"line":47,"column":3}}},"3":{"name":"(anonymous_3)","decl":{"start":{"line":33,"column":50},"end":{"line":33,"column":55}},"loc":{"start":{"line":33,"column":61},"end":{"line":36,"column":5}}},"4":{"name":"(anonymous_4)","decl":{"start":{"line":38,"column":28},"end":{"line":38,"column":33}},"loc":{"start":{"line":38,"column":39},"end":{"line":46,"column":5}}},"5":{"name":"(anonymous_5)","decl":{"start":{"line":49,"column":27},"end":{"line":49,"column":30}},"loc":{"start":{"line":49,"column":32},"end":{"line":63,"column":3}}},"6":{"name":"(anonymous_6)","decl":{"start":{"line":50,"column":48},"end":{"line":50,"column":53}},"loc":{"start":{"line":50,"column":59},"end":{"line":53,"column":7}}},"7":{"name":"(anonymous_7)","decl":{"start":{"line":55,"column":33},"end":{"line":55,"column":38}},"loc":{"start":{"line":55,"column":44},"end":{"line":62,"column":7}}}},"branchMap":{},"s":{"0":0,"1":0,"2":0,"3":0,"4":0,"5":0,"6":0,"7":0,"8":0,"9":0,"10":0,"11":0,"12":0,"13":0,"14":0,"15":0,"16":0,"17":0,"18":0,"19":0,"20":0,"21":0,"22":0,"23":0,"24":0,"25":0,"26":0,"27":0,"28":0,"29":0,"30":0},"f":{"0":0,"1":0,"2":0,"3":0,"4":0,"5":0,"6":0,"7":0},"b":{}}
,"/home/pelayo/projects/personal/timesheet/timesheet_backend/src/project-members/project-members.service.ts": {"path":"/home/pelayo/projects/personal/timesheet/timesheet_backend/src/project-members/project-members.service.ts","statementMap":{"0":{"start":{"line":1,"column":0},"end":{"line":1,"column":82}},"1":{"start":{"line":2,"column":0},"end":{"line":2,"column":51}},"2":{"start":{"line":3,"column":0},"end":{"line":3,"column":37}},"3":{"start":{"line":4,"column":0},"end":{"line":4,"column":78}},"4":{"start":{"line":8,"column":7},"end":{"line":47,"column":null}},"5":{"start":{"line":11,"column":21},"end":{"line":11,"column":39}},"6":{"start":{"line":15,"column":19},"end":{"line":17,"column":6}},"7":{"start":{"line":18,"column":4},"end":{"line":20,"column":5}},"8":{"start":{"line":19,"column":6},"end":{"line":19,"column":78}},"9":{"start":{"line":22,"column":19},"end":{"line":26,"column":6}},"10":{"start":{"line":28,"column":4},"end":{"line":28,"column":46}},"11":{"start":{"line":32,"column":4},"end":{"line":35,"column":7}},"12":{"start":{"line":39,"column":19},"end":{"line":41,"column":6}},"13":{"start":{"line":42,"column":4},"end":{"line":44,"column":5}},"14":{"start":{"line":43,"column":6},"end":{"line":43,"column":54}},"15":{"start":{"line":45,"column":4},"end":{"line":45,"column":47}},"16":{"start":{"line":8,"column":13},"end":{"line":8,"column":34}},"17":{"start":{"line":8,"column":13},"end":{"line":47,"column":null}}},"fnMap":{"0":{"name":"(anonymous_4)","decl":{"start":{"line":9,"column":2},"end":{"line":9,"column":null}},"loc":{"start":{"line":11,"column":64},"end":{"line":12,"column":6}}},"1":{"name":"(anonymous_5)","decl":{"start":{"line":14,"column":2},"end":{"line":14,"column":7}},"loc":{"start":{"line":14,"column":64},"end":{"line":29,"column":3}}},"2":{"name":"(anonymous_6)","decl":{"start":{"line":31,"column":2},"end":{"line":31,"column":7}},"loc":{"start":{"line":31,"column":33},"end":{"line":36,"column":3}}},"3":{"name":"(anonymous_7)","decl":{"start":{"line":38,"column":2},"end":{"line":38,"column":7}},"loc":{"start":{"line":38,"column":54},"end":{"line":46,"column":3}}}},"branchMap":{"0":{"loc":{"start":{"line":18,"column":4},"end":{"line":20,"column":5}},"type":"if","locations":[{"start":{"line":18,"column":4},"end":{"line":20,"column":5}},{"start":{},"end":{}}]},"1":{"loc":{"start":{"line":25,"column":12},"end":{"line":25,"column":42}},"type":"binary-expr","locations":[{"start":{"line":25,"column":12},"end":{"line":25,"column":20}},{"start":{"line":25,"column":24},"end":{"line":25,"column":42}}]},"2":{"loc":{"start":{"line":42,"column":4},"end":{"line":44,"column":5}},"type":"if","locations":[{"start":{"line":42,"column":4},"end":{"line":44,"column":5}},{"start":{},"end":{}}]},"3":{"loc":{"start":{"line":11,"column":39},"end":{"line":11,"column":64}},"type":"cond-expr","locations":[{"start":{"line":11,"column":49},"end":{"line":11,"column":64}},{"start":{"line":11,"column":49},"end":{"line":11,"column":64}}]},"4":{"loc":{"start":{"line":11,"column":39},"end":{"line":11,"column":49}},"type":"binary-expr","locations":[{"start":{"line":11,"column":39},"end":{"line":11,"column":64}},{"start":{"line":11,"column":39},"end":{"line":11,"column":49}}]}},"s":{"0":5,"1":5,"2":5,"3":5,"4":5,"5":5,"6":0,"7":0,"8":0,"9":0,"10":0,"11":0,"12":0,"13":0,"14":0,"15":0,"16":5,"17":5},"f":{"0":5,"1":0,"2":0,"3":0},"b":{"0":[0,0],"1":[0,0],"2":[0,0],"3":[5,0],"4":[5,5]}}
,"/home/pelayo/projects/personal/timesheet/timesheet_backend/src/project-members/dto/create-project-member.dto.ts": {"path":"/home/pelayo/projects/personal/timesheet/timesheet_backend/src/project-members/dto/create-project-member.dto.ts","statementMap":{"0":{"start":{"line":1,"column":0},"end":{"line":1,"column":73}},"1":{"start":{"line":2,"column":0},"end":{"line":2,"column":64}},"2":{"start":{"line":4,"column":0},"end":{"line":4,"column":13}},"3":{"start":{"line":7,"column":2},"end":{"line":7,"column":null}},"4":{"start":{"line":11,"column":2},"end":{"line":11,"column":null}}},"fnMap":{},"branchMap":{"0":{"loc":{"start":{"line":11,"column":9},"end":{"line":11,"column":21}},"type":"cond-expr","locations":[{"start":{"line":11,"column":20},"end":{"line":11,"column":21}},{"start":{"line":11,"column":20},"end":{"line":11,"column":21}}]},"1":{"loc":{"start":{"line":11,"column":9},"end":{"line":11,"column":20}},"type":"binary-expr","locations":[{"start":{"line":11,"column":9},"end":{"line":11,"column":21}},{"start":{"line":11,"column":9},"end":{"line":11,"column":20}}]}},"s":{"0":5,"1":5,"2":5,"3":5,"4":5},"f":{},"b":{"0":[0,5],"1":[5,5]}}
,"/home/pelayo/projects/personal/timesheet/timesheet_backend/src/project-members/dto/project-member-response.dto.ts": {"path":"/home/pelayo/projects/personal/timesheet/timesheet_backend/src/project-members/dto/project-member-response.dto.ts","statementMap":{"0":{"start":{"line":1,"column":0},"end":{"line":1,"column":49}},"1":{"start":{"line":2,"column":0},"end":{"line":2,"column":64}},"2":{"start":{"line":3,"column":0},"end":{"line":3,"column":67}},"3":{"start":{"line":5,"column":0},"end":{"line":5,"column":13}},"4":{"start":{"line":7,"column":2},"end":{"line":7,"column":null}},"5":{"start":{"line":10,"column":2},"end":{"line":10,"column":null}},"6":{"start":{"line":13,"column":2},"end":{"line":13,"column":null}},"7":{"start":{"line":17,"column":2},"end":{"line":17,"column":null}},"8":{"start":{"line":16,"column":14},"end":{"line":16,"column":29}},"9":{"start":{"line":20,"column":2},"end":{"line":20,"column":null}}},"fnMap":{"0":{"name":"(anonymous_2)","decl":{"start":{"line":16,"column":8},"end":{"line":16,"column":11}},"loc":{"start":{"line":16,"column":14},"end":{"line":16,"column":29}}}},"branchMap":{"0":{"loc":{"start":{"line":13,"column":8},"end":{"line":13,"column":20}},"type":"cond-expr","locations":[{"start":{"line":13,"column":19},"end":{"line":13,"column":20}},{"start":{"line":13,"column":19},"end":{"line":13,"column":20}}]},"1":{"loc":{"start":{"line":13,"column":8},"end":{"line":13,"column":19}},"type":"binary-expr","locations":[{"start":{"line":13,"column":8},"end":{"line":13,"column":20}},{"start":{"line":13,"column":8},"end":{"line":13,"column":19}}]},"2":{"loc":{"start":{"line":17,"column":8},"end":{"line":17,"column":24}},"type":"cond-expr","locations":[{"start":{"line":17,"column":23},"end":{"line":17,"column":24}},{"start":{"line":17,"column":23},"end":{"line":17,"column":24}}]},"3":{"loc":{"start":{"line":17,"column":8},"end":{"line":17,"column":23}},"type":"binary-expr","locations":[{"start":{"line":17,"column":8},"end":{"line":17,"column":24}},{"start":{"line":17,"column":8},"end":{"line":17,"column":23}}]},"4":{"loc":{"start":{"line":20,"column":13},"end":{"line":20,"column":18}},"type":"cond-expr","locations":[{"start":{"line":20,"column":17},"end":{"line":20,"column":18}},{"start":{"line":20,"column":17},"end":{"line":20,"column":18}}]},"5":{"loc":{"start":{"line":20,"column":13},"end":{"line":20,"column":17}},"type":"binary-expr","locations":[{"start":{"line":20,"column":13},"end":{"line":20,"column":18}},{"start":{"line":20,"column":13},"end":{"line":20,"column":17}}]}},"s":{"0":5,"1":5,"2":5,"3":5,"4":5,"5":5,"6":5,"7":5,"8":0,"9":5},"f":{"0":0},"b":{"0":[0,5],"1":[5,5],"2":[5,0],"3":[5,5],"4":[5,0],"5":[5,5]}}
,"/home/pelayo/projects/personal/timesheet/timesheet_backend/src/project-members/entities/project-member.entity.ts": {"path":"/home/pelayo/projects/personal/timesheet/timesheet_backend/src/project-members/entities/project-member.entity.ts","statementMap":{"0":{"start":{"line":1,"column":0},"end":{"line":1,"column":97}},"1":{"start":{"line":2,"column":0},"end":{"line":2,"column":65}},"2":{"start":{"line":3,"column":0},"end":{"line":3,"column":55}},"3":{"start":{"line":5,"column":0},"end":{"line":5,"column":null}},"4":{"start":{"line":6,"column":2},"end":{"line":6,"column":null}},"5":{"start":{"line":7,"column":2},"end":{"line":7,"column":null}},"6":{"start":{"line":11,"column":7},"end":{"line":31,"column":null}},"7":{"start":{"line":11,"column":13},"end":{"line":11,"column":26}},"8":{"start":{"line":13,"column":2},"end":{"line":13,"column":null}},"9":{"start":{"line":16,"column":2},"end":{"line":16,"column":null}},"10":{"start":{"line":20,"column":2},"end":{"line":20,"column":null}},"11":{"start":{"line":18,"column":19},"end":{"line":18,"column":26}},"12":{"start":{"line":24,"column":2},"end":{"line":24,"column":null}},"13":{"start":{"line":22,"column":19},"end":{"line":22,"column":23}},"14":{"start":{"line":27,"column":2},"end":{"line":27,"column":null}},"15":{"start":{"line":30,"column":2},"end":{"line":30,"column":null}},"16":{"start":{"line":11,"column":13},"end":{"line":31,"column":null}}},"fnMap":{"0":{"name":"(anonymous_2)","decl":{"start":{"line":5,"column":0},"end":{"line":5,"column":12}},"loc":{"start":{"line":5,"column":23},"end":{"line":8,"column":1}}},"1":{"name":"(anonymous_3)","decl":{"start":{"line":18,"column":13},"end":{"line":18,"column":16}},"loc":{"start":{"line":18,"column":19},"end":{"line":18,"column":26}}},"2":{"name":"(anonymous_4)","decl":{"start":{"line":22,"column":13},"end":{"line":22,"column":16}},"loc":{"start":{"line":22,"column":19},"end":{"line":22,"column":23}}}},"branchMap":{"0":{"loc":{"start":{"line":5,"column":12},"end":{"line":5,"column":null}},"type":"binary-expr","locations":[{"start":{"line":5,"column":12},"end":{"line":5,"column":23}},{"start":{"line":5,"column":23},"end":{"line":5,"column":null}}]},"1":{"loc":{"start":{"line":20,"column":11},"end":{"line":20,"column":19}},"type":"cond-expr","locations":[{"start":{"line":20,"column":18},"end":{"line":20,"column":19}},{"start":{"line":20,"column":18},"end":{"line":20,"column":19}}]},"2":{"loc":{"start":{"line":20,"column":11},"end":{"line":20,"column":18}},"type":"binary-expr","locations":[{"start":{"line":20,"column":11},"end":{"line":20,"column":19}},{"start":{"line":20,"column":11},"end":{"line":20,"column":18}}]},"3":{"loc":{"start":{"line":24,"column":8},"end":{"line":24,"column":13}},"type":"cond-expr","locations":[{"start":{"line":24,"column":12},"end":{"line":24,"column":13}},{"start":{"line":24,"column":12},"end":{"line":24,"column":13}}]},"4":{"loc":{"start":{"line":24,"column":8},"end":{"line":24,"column":12}},"type":"binary-expr","locations":[{"start":{"line":24,"column":8},"end":{"line":24,"column":13}},{"start":{"line":24,"column":8},"end":{"line":24,"column":12}}]},"5":{"loc":{"start":{"line":30,"column":13},"end":{"line":30,"column":18}},"type":"cond-expr","locations":[{"start":{"line":30,"column":17},"end":{"line":30,"column":18}},{"start":{"line":30,"column":17},"end":{"line":30,"column":18}}]},"6":{"loc":{"start":{"line":30,"column":13},"end":{"line":30,"column":17}},"type":"binary-expr","locations":[{"start":{"line":30,"column":13},"end":{"line":30,"column":18}},{"start":{"line":30,"column":13},"end":{"line":30,"column":17}}]}},"s":{"0":5,"1":5,"2":5,"3":5,"4":5,"5":5,"6":5,"7":5,"8":5,"9":5,"10":5,"11":5,"12":5,"13":5,"14":5,"15":5,"16":5},"f":{"0":5,"1":5,"2":5},"b":{"0":[5,5],"1":[5,0],"2":[5,5],"3":[5,0],"4":[5,5],"5":[5,0],"6":[5,5]}}
,"/home/pelayo/projects/personal/timesheet/timesheet_backend/src/projects/admin-projects.controller.ts": {"path":"/home/pelayo/projects/personal/timesheet/timesheet_backend/src/projects/admin-projects.controller.ts","statementMap":{"0":{"start":{"line":1,"column":0},"end":{"line":1,"column":153}},"1":{"start":{"line":2,"column":0},"end":{"line":2,"column":45}},"2":{"start":{"line":3,"column":0},"end":{"line":3,"column":52}},"3":{"start":{"line":4,"column":0},"end":{"line":4,"column":53}},"4":{"start":{"line":5,"column":0},"end":{"line":5,"column":60}},"5":{"start":{"line":6,"column":0},"end":{"line":6,"column":60}},"6":{"start":{"line":7,"column":0},"end":{"line":7,"column":64}},"7":{"start":{"line":8,"column":0},"end":{"line":8,"column":49}},"8":{"start":{"line":9,"column":0},"end":{"line":9,"column":48}},"9":{"start":{"line":10,"column":0},"end":{"line":10,"column":50}},"10":{"start":{"line":16,"column":7},"end":{"line":49,"column":null}},"11":{"start":{"line":17,"column":31},"end":{"line":17,"column":48}},"12":{"start":{"line":21,"column":20},"end":{"line":21,"column":58}},"13":{"start":{"line":22,"column":4},"end":{"line":22,"column":91}},"14":{"start":{"line":30,"column":23},"end":{"line":30,"column":92}},"15":{"start":{"line":31,"column":21},"end":{"line":31,"column":75}},"16":{"start":{"line":32,"column":4},"end":{"line":32,"column":104}},"17":{"start":{"line":32,"column":29},"end":{"line":32,"column":102}},"18":{"start":{"line":37,"column":20},"end":{"line":37,"column":58}},"19":{"start":{"line":38,"column":4},"end":{"line":38,"column":91}},"20":{"start":{"line":46,"column":20},"end":{"line":46,"column":62}},"21":{"start":{"line":47,"column":4},"end":{"line":47,"column":91}},"22":{"start":{"line":16,"column":13},"end":{"line":16,"column":36}},"23":{"start":{"line":20,"column":8},"end":{"line":23,"column":null}},"24":{"start":{"line":26,"column":8},"end":{"line":33,"column":null}},"25":{"start":{"line":36,"column":8},"end":{"line":39,"column":null}},"26":{"start":{"line":42,"column":8},"end":{"line":48,"column":null}},"27":{"start":{"line":16,"column":13},"end":{"line":49,"column":null}}},"fnMap":{"0":{"name":"(anonymous_4)","decl":{"start":{"line":17,"column":2},"end":{"line":17,"column":31}},"loc":{"start":{"line":17,"column":63},"end":{"line":17,"column":67}}},"1":{"name":"(anonymous_5)","decl":{"start":{"line":20,"column":8},"end":{"line":20,"column":14}},"loc":{"start":{"line":20,"column":44},"end":{"line":23,"column":3}}},"2":{"name":"(anonymous_6)","decl":{"start":{"line":26,"column":8},"end":{"line":26,"column":15}},"loc":{"start":{"line":28,"column":40},"end":{"line":33,"column":3}}},"3":{"name":"(anonymous_7)","decl":{"start":{"line":32,"column":24},"end":{"line":32,"column":25}},"loc":{"start":{"line":32,"column":29},"end":{"line":32,"column":102}}},"4":{"name":"(anonymous_8)","decl":{"start":{"line":36,"column":8},"end":{"line":36,"column":15}},"loc":{"start":{"line":36,"column":54},"end":{"line":39,"column":3}}},"5":{"name":"(anonymous_9)","decl":{"start":{"line":42,"column":8},"end":{"line":42,"column":14}},"loc":{"start":{"line":44,"column":33},"end":{"line":48,"column":3}}}},"branchMap":{"0":{"loc":{"start":{"line":30,"column":23},"end":{"line":30,"column":92}},"type":"cond-expr","locations":[{"start":{"line":30,"column":45},"end":{"line":30,"column":49}},{"start":{"line":30,"column":52},"end":{"line":30,"column":92}}]},"1":{"loc":{"start":{"line":30,"column":52},"end":{"line":30,"column":92}},"type":"cond-expr","locations":[{"start":{"line":30,"column":75},"end":{"line":30,"column":80}},{"start":{"line":30,"column":83},"end":{"line":30,"column":92}}]},"2":{"loc":{"start":{"line":20,"column":28},"end":{"line":20,"column":47}},"type":"cond-expr","locations":[{"start":{"line":20,"column":44},"end":{"line":20,"column":47}},{"start":{"line":20,"column":44},"end":{"line":20,"column":47}}]},"3":{"loc":{"start":{"line":20,"column":28},"end":{"line":20,"column":44}},"type":"binary-expr","locations":[{"start":{"line":20,"column":28},"end":{"line":20,"column":47}},{"start":{"line":20,"column":28},"end":{"line":20,"column":44}}]},"4":{"loc":{"start":{"line":20,"column":47},"end":{"line":20,"column":null}},"type":"cond-expr","locations":[{"start":{"line":20,"column":54},"end":{"line":20,"column":null}},{"start":{"line":20,"column":54},"end":{"line":20,"column":null}}]},"5":{"loc":{"start":{"line":20,"column":47},"end":{"line":20,"column":54}},"type":"binary-expr","locations":[{"start":{"line":20,"column":47},"end":{"line":20,"column":null}},{"start":{"line":20,"column":47},"end":{"line":20,"column":54}}]},"6":{"loc":{"start":{"line":29,"column":5},"end":{"line":29,"column":null}},"type":"cond-expr","locations":[{"start":{"line":29,"column":12},"end":{"line":29,"column":null}},{"start":{"line":29,"column":12},"end":{"line":29,"column":null}}]},"7":{"loc":{"start":{"line":29,"column":5},"end":{"line":29,"column":12}},"type":"binary-expr","locations":[{"start":{"line":29,"column":5},"end":{"line":29,"column":null}},{"start":{"line":29,"column":5},"end":{"line":29,"column":12}}]},"8":{"loc":{"start":{"line":36,"column":57},"end":{"line":36,"column":null}},"type":"cond-expr","locations":[{"start":{"line":36,"column":64},"end":{"line":36,"column":null}},{"start":{"line":36,"column":64},"end":{"line":36,"column":null}}]},"9":{"loc":{"start":{"line":36,"column":57},"end":{"line":36,"column":64}},"type":"binary-expr","locations":[{"start":{"line":36,"column":57},"end":{"line":36,"column":null}},{"start":{"line":36,"column":57},"end":{"line":36,"column":64}}]},"10":{"loc":{"start":{"line":44,"column":17},"end":{"line":44,"column":null}},"type":"cond-expr","locations":[{"start":{"line":44,"column":33},"end":{"line":44,"column":null}},{"start":{"line":44,"column":33},"end":{"line":44,"column":null}}]},"11":{"loc":{"start":{"line":44,"column":17},"end":{"line":44,"column":33}},"type":"binary-expr","locations":[{"start":{"line":44,"column":17},"end":{"line":44,"column":null}},{"start":{"line":44,"column":17},"end":{"line":44,"column":33}}]},"12":{"loc":{"start":{"line":45,"column":5},"end":{"line":45,"column":null}},"type":"cond-expr","locations":[{"start":{"line":45,"column":12},"end":{"line":45,"column":null}},{"start":{"line":45,"column":12},"end":{"line":45,"column":null}}]},"13":{"loc":{"start":{"line":45,"column":5},"end":{"line":45,"column":12}},"type":"binary-expr","locations":[{"start":{"line":45,"column":5},"end":{"line":45,"column":null}},{"start":{"line":45,"column":5},"end":{"line":45,"column":12}}]},"14":{"loc":{"start":{"line":17,"column":48},"end":{"line":17,"column":66}},"type":"cond-expr","locations":[{"start":{"line":17,"column":63},"end":{"line":17,"column":66}},{"start":{"line":17,"column":63},"end":{"line":17,"column":66}}]},"15":{"loc":{"start":{"line":17,"column":48},"end":{"line":17,"column":63}},"type":"binary-expr","locations":[{"start":{"line":17,"column":48},"end":{"line":17,"column":66}},{"start":{"line":17,"column":48},"end":{"line":17,"column":63}}]}},"s":{"0":5,"1":5,"2":5,"3":5,"4":5,"5":5,"6":5,"7":5,"8":5,"9":5,"10":5,"11":5,"12":1,"13":1,"14":1,"15":1,"16":1,"17":1,"18":0,"19":0,"20":0,"21":0,"22":5,"23":5,"24":5,"25":5,"26":5,"27":5},"f":{"0":5,"1":1,"2":1,"3":1,"4":0,"5":0},"b":{"0":[0,1],"1":[0,1],"2":[5,0],"3":[5,5],"4":[5,0],"5":[5,5],"6":[5,0],"7":[5,5],"8":[5,0],"9":[5,5],"10":[5,0],"11":[5,5],"12":[5,0],"13":[5,5],"14":[5,0],"15":[5,5]}}
,"/home/pelayo/projects/personal/timesheet/timesheet_backend/src/projects/projects.module.ts": {"path":"/home/pelayo/projects/personal/timesheet/timesheet_backend/src/projects/projects.module.ts","statementMap":{"0":{"start":{"line":1,"column":0},"end":{"line":1,"column":40}},"1":{"start":{"line":2,"column":0},"end":{"line":2,"column":48}},"2":{"start":{"line":3,"column":0},"end":{"line":3,"column":52}},"3":{"start":{"line":4,"column":0},"end":{"line":4,"column":82}},"4":{"start":{"line":5,"column":0},"end":{"line":5,"column":53}},"5":{"start":{"line":6,"column":0},"end":{"line":6,"column":70}},"6":{"start":{"line":7,"column":0},"end":{"line":7,"column":68}},"7":{"start":{"line":8,"column":0},"end":{"line":8,"column":68}},"8":{"start":{"line":9,"column":0},"end":{"line":9,"column":52}},"9":{"start":{"line":17,"column":7},"end":{"line":17,"column":null}},"10":{"start":{"line":17,"column":13},"end":{"line":17,"column":27}},"11":{"start":{"line":17,"column":13},"end":{"line":17,"column":null}}},"fnMap":{},"branchMap":{},"s":{"0":5,"1":5,"2":5,"3":5,"4":5,"5":5,"6":5,"7":5,"8":5,"9":5,"10":5,"11":5},"f":{},"b":{}}
,"/home/pelayo/projects/personal/timesheet/timesheet_backend/src/projects/projects.service.spec.ts": {"path":"/home/pelayo/projects/personal/timesheet/timesheet_backend/src/projects/projects.service.spec.ts","statementMap":{"0":{"start":{"line":1,"column":0},"end":{"line":1,"column":54}},"1":{"start":{"line":2,"column":0},"end":{"line":2,"column":53}},"2":{"start":{"line":4,"column":0},"end":{"line":4,"column":53}},"3":{"start":{"line":5,"column":0},"end":{"line":5,"column":52}},"4":{"start":{"line":6,"column":0},"end":{"line":6,"column":82}},"5":{"start":{"line":7,"column":0},"end":{"line":7,"column":51}},"6":{"start":{"line":9,"column":30},"end":{"line":14,"column":2}},"7":{"start":{"line":16,"column":29},"end":{"line":18,"column":2}},"8":{"start":{"line":20,"column":0},"end":{"line":119,"column":3}},"9":{"start":{"line":24,"column":2},"end":{"line":41,"column":5}},"10":{"start":{"line":25,"column":34},"end":{"line":37,"column":16}},"11":{"start":{"line":39,"column":4},"end":{"line":39,"column":59}},"12":{"start":{"line":40,"column":4},"end":{"line":40,"column":79}},"13":{"start":{"line":43,"column":2},"end":{"line":45,"column":5}},"14":{"start":{"line":44,"column":4},"end":{"line":44,"column":34}},"15":{"start":{"line":47,"column":2},"end":{"line":60,"column":5}},"16":{"start":{"line":48,"column":4},"end":{"line":59,"column":7}},"17":{"start":{"line":49,"column":18},"end":{"line":49,"column":42}},"18":{"start":{"line":50,"column":30},"end":{"line":50,"column":52}},"19":{"start":{"line":52,"column":6},"end":{"line":52,"column":68}},"20":{"start":{"line":53,"column":6},"end":{"line":53,"column":68}},"21":{"start":{"line":55,"column":21},"end":{"line":55,"column":46}},"22":{"start":{"line":56,"column":6},"end":{"line":56,"column":46}},"23":{"start":{"line":57,"column":6},"end":{"line":57,"column":69}},"24":{"start":{"line":58,"column":6},"end":{"line":58,"column":79}},"25":{"start":{"line":62,"column":2},"end":{"line":70,"column":5}},"26":{"start":{"line":63,"column":4},"end":{"line":69,"column":7}},"27":{"start":{"line":64,"column":23},"end":{"line":64,"column":53}},"28":{"start":{"line":65,"column":6},"end":{"line":65,"column":61}},"29":{"start":{"line":67,"column":21},"end":{"line":67,"column":44}},"30":{"start":{"line":68,"column":6},"end":{"line":68,"column":39}},"31":{"start":{"line":72,"column":2},"end":{"line":86,"column":5}},"32":{"start":{"line":73,"column":4},"end":{"line":79,"column":7}},"33":{"start":{"line":74,"column":22},"end":{"line":74,"column":50}},"34":{"start":{"line":75,"column":6},"end":{"line":75,"column":63}},"35":{"start":{"line":77,"column":21},"end":{"line":77,"column":50}},"36":{"start":{"line":78,"column":6},"end":{"line":78,"column":38}},"37":{"start":{"line":81,"column":4},"end":{"line":85,"column":7}},"38":{"start":{"line":82,"column":6},"end":{"line":82,"column":60}},"39":{"start":{"line":84,"column":6},"end":{"line":84,"column":79}},"40":{"start":{"line":88,"column":2},"end":{"line":101,"column":5}},"41":{"start":{"line":89,"column":4},"end":{"line":100,"column":7}},"42":{"start":{"line":90,"column":24},"end":{"line":90,"column":51}},"43":{"start":{"line":91,"column":20},"end":{"line":91,"column":35}},"44":{"start":{"line":92,"column":24},"end":{"line":92,"column":46}},"45":{"start":{"line":94,"column":8},"end":{"line":94,"column":65}},"46":{"start":{"line":95,"column":8},"end":{"line":95,"column":62}},"47":{"start":{"line":97,"column":23},"end":{"line":97,"column":56}},"48":{"start":{"line":98,"column":8},"end":{"line":98,"column":40}},"49":{"start":{"line":99,"column":8},"end":{"line":99,"column":73}},"50":{"start":{"line":103,"column":2},"end":{"line":118,"column":5}},"51":{"start":{"line":104,"column":6},"end":{"line":117,"column":9}},"52":{"start":{"line":105,"column":25},"end":{"line":105,"column":36}},"53":{"start":{"line":106,"column":26},"end":{"line":106,"column":50}},"54":{"start":{"line":107,"column":26},"end":{"line":107,"column":64}},"55":{"start":{"line":109,"column":10},"end":{"line":109,"column":63}},"56":{"start":{"line":111,"column":25},"end":{"line":111,"column":58}},"57":{"start":{"line":112,"column":10},"end":{"line":112,"column":44}},"58":{"start":{"line":113,"column":10},"end":{"line":116,"column":13}}},"fnMap":{"0":{"name":"(anonymous_0)","decl":{"start":{"line":20,"column":28},"end":{"line":20,"column":31}},"loc":{"start":{"line":20,"column":33},"end":{"line":119,"column":1}}},"1":{"name":"(anonymous_1)","decl":{"start":{"line":24,"column":13},"end":{"line":24,"column":18}},"loc":{"start":{"line":24,"column":24},"end":{"line":41,"column":3}}},"2":{"name":"(anonymous_2)","decl":{"start":{"line":43,"column":26},"end":{"line":43,"column":29}},"loc":{"start":{"line":43,"column":31},"end":{"line":45,"column":3}}},"3":{"name":"(anonymous_3)","decl":{"start":{"line":47,"column":21},"end":{"line":47,"column":24}},"loc":{"start":{"line":47,"column":26},"end":{"line":60,"column":3}}},"4":{"name":"(anonymous_4)","decl":{"start":{"line":48,"column":43},"end":{"line":48,"column":48}},"loc":{"start":{"line":48,"column":54},"end":{"line":59,"column":5}}},"5":{"name":"(anonymous_5)","decl":{"start":{"line":62,"column":22},"end":{"line":62,"column":25}},"loc":{"start":{"line":62,"column":27},"end":{"line":70,"column":3}}},"6":{"name":"(anonymous_6)","decl":{"start":{"line":63,"column":45},"end":{"line":63,"column":50}},"loc":{"start":{"line":63,"column":56},"end":{"line":69,"column":5}}},"7":{"name":"(anonymous_7)","decl":{"start":{"line":72,"column":22},"end":{"line":72,"column":25}},"loc":{"start":{"line":72,"column":27},"end":{"line":86,"column":3}}},"8":{"name":"(anonymous_8)","decl":{"start":{"line":73,"column":43},"end":{"line":73,"column":48}},"loc":{"start":{"line":73,"column":54},"end":{"line":79,"column":5}}},"9":{"name":"(anonymous_9)","decl":{"start":{"line":81,"column":54},"end":{"line":81,"column":59}},"loc":{"start":{"line":81,"column":65},"end":{"line":85,"column":5}}},"10":{"name":"(anonymous_10)","decl":{"start":{"line":88,"column":21},"end":{"line":88,"column":24}},"loc":{"start":{"line":88,"column":26},"end":{"line":101,"column":3}}},"11":{"name":"(anonymous_11)","decl":{"start":{"line":89,"column":43},"end":{"line":89,"column":48}},"loc":{"start":{"line":89,"column":54},"end":{"line":100,"column":5}}},"12":{"name":"(anonymous_12)","decl":{"start":{"line":103,"column":26},"end":{"line":103,"column":29}},"loc":{"start":{"line":103,"column":31},"end":{"line":118,"column":3}}},"13":{"name":"(anonymous_13)","decl":{"start":{"line":104,"column":46},"end":{"line":104,"column":51}},"loc":{"start":{"line":104,"column":57},"end":{"line":117,"column":7}}}},"branchMap":{},"s":{"0":0,"1":0,"2":0,"3":0,"4":0,"5":0,"6":0,"7":0,"8":0,"9":0,"10":0,"11":0,"12":0,"13":0,"14":0,"15":0,"16":0,"17":0,"18":0,"19":0,"20":0,"21":0,"22":0,"23":0,"24":0,"25":0,"26":0,"27":0,"28":0,"29":0,"30":0,"31":0,"32":0,"33":0,"34":0,"35":0,"36":0,"37":0,"38":0,"39":0,"40":0,"41":0,"42":0,"43":0,"44":0,"45":0,"46":0,"47":0,"48":0,"49":0,"50":0,"51":0,"52":0,"53":0,"54":0,"55":0,"56":0,"57":0,"58":0},"f":{"0":0,"1":0,"2":0,"3":0,"4":0,"5":0,"6":0,"7":0,"8":0,"9":0,"10":0,"11":0,"12":0,"13":0},"b":{}}
,"/home/pelayo/projects/personal/timesheet/timesheet_backend/src/projects/projects.service.ts": {"path":"/home/pelayo/projects/personal/timesheet/timesheet_backend/src/projects/projects.service.ts","statementMap":{"0":{"start":{"line":1,"column":0},"end":{"line":1,"column":63}},"1":{"start":{"line":2,"column":0},"end":{"line":2,"column":51}},"2":{"start":{"line":3,"column":0},"end":{"line":3,"column":43}},"3":{"start":{"line":4,"column":0},"end":{"line":4,"column":52}},"4":{"start":{"line":5,"column":0},"end":{"line":5,"column":82}},"5":{"start":{"line":10,"column":7},"end":{"line":56,"column":null}},"6":{"start":{"line":13,"column":21},"end":{"line":13,"column":40}},"7":{"start":{"line":15,"column":21},"end":{"line":15,"column":39}},"8":{"start":{"line":19,"column":20},"end":{"line":19,"column":54}},"9":{"start":{"line":20,"column":4},"end":{"line":20,"column":48}},"10":{"start":{"line":24,"column":23},"end":{"line":24,"column":25}},"11":{"start":{"line":25,"column":4},"end":{"line":27,"column":5}},"12":{"start":{"line":26,"column":6},"end":{"line":26,"column":34}},"13":{"start":{"line":28,"column":4},"end":{"line":30,"column":5}},"14":{"start":{"line":29,"column":6},"end":{"line":29,"column":39}},"15":{"start":{"line":31,"column":4},"end":{"line":31,"column":74}},"16":{"start":{"line":35,"column":20},"end":{"line":35,"column":75}},"17":{"start":{"line":36,"column":4},"end":{"line":38,"column":5}},"18":{"start":{"line":37,"column":6},"end":{"line":37,"column":55}},"19":{"start":{"line":39,"column":4},"end":{"line":39,"column":19}},"20":{"start":{"line":43,"column":20},"end":{"line":43,"column":42}},"21":{"start":{"line":44,"column":20},"end":{"line":44,"column":47}},"22":{"start":{"line":45,"column":4},"end":{"line":45,"column":48}},"23":{"start":{"line":49,"column":20},"end":{"line":52,"column":6}},"24":{"start":{"line":54,"column":4},"end":{"line":54,"column":39}},"25":{"start":{"line":54,"column":28},"end":{"line":54,"column":37}},"26":{"start":{"line":10,"column":13},"end":{"line":10,"column":28}},"27":{"start":{"line":10,"column":13},"end":{"line":56,"column":null}}},"fnMap":{"0":{"name":"(anonymous_4)","decl":{"start":{"line":11,"column":2},"end":{"line":11,"column":null}},"loc":{"start":{"line":15,"column":64},"end":{"line":16,"column":6}}},"1":{"name":"(anonymous_5)","decl":{"start":{"line":18,"column":2},"end":{"line":18,"column":7}},"loc":{"start":{"line":18,"column":36},"end":{"line":21,"column":3}}},"2":{"name":"(anonymous_6)","decl":{"start":{"line":23,"column":2},"end":{"line":23,"column":7}},"loc":{"start":{"line":23,"column":51},"end":{"line":32,"column":3}}},"3":{"name":"(anonymous_7)","decl":{"start":{"line":34,"column":2},"end":{"line":34,"column":7}},"loc":{"start":{"line":34,"column":26},"end":{"line":40,"column":3}}},"4":{"name":"(anonymous_8)","decl":{"start":{"line":42,"column":2},"end":{"line":42,"column":7}},"loc":{"start":{"line":42,"column":48},"end":{"line":46,"column":3}}},"5":{"name":"(anonymous_9)","decl":{"start":{"line":48,"column":2},"end":{"line":48,"column":7}},"loc":{"start":{"line":48,"column":34},"end":{"line":55,"column":3}}},"6":{"name":"(anonymous_10)","decl":{"start":{"line":54,"column":23},"end":{"line":54,"column":24}},"loc":{"start":{"line":54,"column":28},"end":{"line":54,"column":37}}}},"branchMap":{"0":{"loc":{"start":{"line":25,"column":4},"end":{"line":27,"column":5}},"type":"if","locations":[{"start":{"line":25,"column":4},"end":{"line":27,"column":5}},{"start":{},"end":{}}]},"1":{"loc":{"start":{"line":28,"column":4},"end":{"line":30,"column":5}},"type":"if","locations":[{"start":{"line":28,"column":4},"end":{"line":30,"column":5}},{"start":{},"end":{}}]},"2":{"loc":{"start":{"line":36,"column":4},"end":{"line":38,"column":5}},"type":"if","locations":[{"start":{"line":36,"column":4},"end":{"line":38,"column":5}},{"start":{},"end":{}}]},"3":{"loc":{"start":{"line":13,"column":40},"end":{"line":13,"column":59}},"type":"cond-expr","locations":[{"start":{"line":13,"column":50},"end":{"line":13,"column":59}},{"start":{"line":13,"column":50},"end":{"line":13,"column":59}}]},"4":{"loc":{"start":{"line":13,"column":40},"end":{"line":13,"column":50}},"type":"binary-expr","locations":[{"start":{"line":13,"column":40},"end":{"line":13,"column":59}},{"start":{"line":13,"column":40},"end":{"line":13,"column":50}}]},"5":{"loc":{"start":{"line":13,"column":50},"end":{"line":15,"column":64}},"type":"cond-expr","locations":[{"start":{"line":15,"column":49},"end":{"line":15,"column":64}},{"start":{"line":15,"column":49},"end":{"line":15,"column":64}}]},"6":{"loc":{"start":{"line":13,"column":50},"end":{"line":15,"column":49}},"type":"binary-expr","locations":[{"start":{"line":13,"column":50},"end":{"line":15,"column":64}},{"start":{"line":15,"column":39},"end":{"line":15,"column":49}}]}},"s":{"0":5,"1":5,"2":5,"3":5,"4":5,"5":5,"6":5,"7":5,"8":1,"9":1,"10":1,"11":1,"12":0,"13":1,"14":0,"15":1,"16":0,"17":0,"18":0,"19":0,"20":0,"21":0,"22":0,"23":1,"24":1,"25":1,"26":5,"27":5},"f":{"0":5,"1":1,"2":1,"3":0,"4":0,"5":1,"6":1},"b":{"0":[0,1],"1":[0,1],"2":[0,0],"3":[5,0],"4":[5,5],"5":[5,0],"6":[5,5]}}
,"/home/pelayo/projects/personal/timesheet/timesheet_backend/src/projects/user-projects.controller.ts": {"path":"/home/pelayo/projects/personal/timesheet/timesheet_backend/src/projects/user-projects.controller.ts","statementMap":{"0":{"start":{"line":1,"column":0},"end":{"line":1,"column":127}},"1":{"start":{"line":2,"column":0},"end":{"line":2,"column":45}},"2":{"start":{"line":3,"column":0},"end":{"line":3,"column":52}},"3":{"start":{"line":4,"column":0},"end":{"line":4,"column":53}},"4":{"start":{"line":5,"column":0},"end":{"line":5,"column":64}},"5":{"start":{"line":6,"column":0},"end":{"line":6,"column":64}},"6":{"start":{"line":7,"column":0},"end":{"line":7,"column":52}},"7":{"start":{"line":8,"column":0},"end":{"line":8,"column":54}},"8":{"start":{"line":9,"column":0},"end":{"line":9,"column":65}},"9":{"start":{"line":14,"column":7},"end":{"line":34,"column":null}},"10":{"start":{"line":16,"column":21},"end":{"line":16,"column":38}},"11":{"start":{"line":17,"column":21},"end":{"line":17,"column":35}},"12":{"start":{"line":22,"column":21},"end":{"line":22,"column":68}},"13":{"start":{"line":23,"column":4},"end":{"line":23,"column":104}},"14":{"start":{"line":23,"column":29},"end":{"line":23,"column":102}},"15":{"start":{"line":31,"column":18},"end":{"line":31,"column":73}},"16":{"start":{"line":32,"column":4},"end":{"line":32,"column":98}},"17":{"start":{"line":32,"column":26},"end":{"line":32,"column":96}},"18":{"start":{"line":14,"column":13},"end":{"line":14,"column":35}},"19":{"start":{"line":21,"column":8},"end":{"line":24,"column":null}},"20":{"start":{"line":27,"column":8},"end":{"line":33,"column":null}},"21":{"start":{"line":14,"column":13},"end":{"line":34,"column":null}}},"fnMap":{"0":{"name":"(anonymous_4)","decl":{"start":{"line":15,"column":2},"end":{"line":15,"column":null}},"loc":{"start":{"line":17,"column":47},"end":{"line":18,"column":6}}},"1":{"name":"(anonymous_5)","decl":{"start":{"line":21,"column":8},"end":{"line":21,"column":22}},"loc":{"start":{"line":21,"column":44},"end":{"line":24,"column":3}}},"2":{"name":"(anonymous_6)","decl":{"start":{"line":23,"column":24},"end":{"line":23,"column":25}},"loc":{"start":{"line":23,"column":29},"end":{"line":23,"column":102}}},"3":{"name":"(anonymous_7)","decl":{"start":{"line":27,"column":8},"end":{"line":27,"column":24}},"loc":{"start":{"line":29,"column":56},"end":{"line":33,"column":3}}},"4":{"name":"(anonymous_8)","decl":{"start":{"line":32,"column":21},"end":{"line":32,"column":22}},"loc":{"start":{"line":32,"column":26},"end":{"line":32,"column":96}}}},"branchMap":{"0":{"loc":{"start":{"line":21,"column":40},"end":{"line":21,"column":47}},"type":"cond-expr","locations":[{"start":{"line":21,"column":44},"end":{"line":21,"column":47}},{"start":{"line":21,"column":44},"end":{"line":21,"column":47}}]},"1":{"loc":{"start":{"line":21,"column":40},"end":{"line":21,"column":44}},"type":"binary-expr","locations":[{"start":{"line":21,"column":40},"end":{"line":21,"column":47}},{"start":{"line":21,"column":40},"end":{"line":21,"column":44}}]},"2":{"loc":{"start":{"line":21,"column":47},"end":{"line":21,"column":null}},"type":"cond-expr","locations":[{"start":{"line":21,"column":54},"end":{"line":21,"column":null}},{"start":{"line":21,"column":54},"end":{"line":21,"column":null}}]},"3":{"loc":{"start":{"line":21,"column":47},"end":{"line":21,"column":54}},"type":"binary-expr","locations":[{"start":{"line":21,"column":47},"end":{"line":21,"column":null}},{"start":{"line":21,"column":47},"end":{"line":21,"column":54}}]},"4":{"loc":{"start":{"line":28,"column":21},"end":{"line":28,"column":null}},"type":"cond-expr","locations":[{"start":{"line":28,"column":25},"end":{"line":28,"column":null}},{"start":{"line":28,"column":25},"end":{"line":28,"column":null}}]},"5":{"loc":{"start":{"line":28,"column":21},"end":{"line":28,"column":25}},"type":"binary-expr","locations":[{"start":{"line":28,"column":21},"end":{"line":28,"column":null}},{"start":{"line":28,"column":21},"end":{"line":28,"column":25}}]},"6":{"loc":{"start":{"line":30,"column":5},"end":{"line":30,"column":null}},"type":"cond-expr","locations":[{"start":{"line":30,"column":12},"end":{"line":30,"column":null}},{"start":{"line":30,"column":12},"end":{"line":30,"column":null}}]},"7":{"loc":{"start":{"line":30,"column":5},"end":{"line":30,"column":12}},"type":"binary-expr","locations":[{"start":{"line":30,"column":5},"end":{"line":30,"column":null}},{"start":{"line":30,"column":5},"end":{"line":30,"column":12}}]},"8":{"loc":{"start":{"line":16,"column":38},"end":{"line":16,"column":null}},"type":"cond-expr","locations":[{"start":{"line":16,"column":53},"end":{"line":16,"column":null}},{"start":{"line":16,"column":53},"end":{"line":16,"column":null}}]},"9":{"loc":{"start":{"line":16,"column":38},"end":{"line":16,"column":53}},"type":"binary-expr","locations":[{"start":{"line":16,"column":38},"end":{"line":16,"column":null}},{"start":{"line":16,"column":38},"end":{"line":16,"column":53}}]},"10":{"loc":{"start":{"line":16,"column":53},"end":{"line":17,"column":null}},"type":"cond-expr","locations":[{"start":{"line":17,"column":47},"end":{"line":17,"column":null}},{"start":{"line":17,"column":47},"end":{"line":17,"column":null}}]},"11":{"loc":{"start":{"line":16,"column":53},"end":{"line":17,"column":47}},"type":"binary-expr","locations":[{"start":{"line":16,"column":53},"end":{"line":17,"column":null}},{"start":{"line":17,"column":35},"end":{"line":17,"column":47}}]}},"s":{"0":5,"1":5,"2":5,"3":5,"4":5,"5":5,"6":5,"7":5,"8":5,"9":5,"10":5,"11":5,"12":1,"13":1,"14":1,"15":2,"16":1,"17":1,"18":5,"19":5,"20":5,"21":5},"f":{"0":5,"1":1,"2":1,"3":2,"4":1},"b":{"0":[5,0],"1":[5,5],"2":[5,0],"3":[5,5],"4":[5,0],"5":[5,5],"6":[5,0],"7":[5,5],"8":[5,0],"9":[5,5],"10":[5,0],"11":[5,5]}}
,"/home/pelayo/projects/personal/timesheet/timesheet_backend/src/projects/dto/create-project.dto.ts": {"path":"/home/pelayo/projects/personal/timesheet/timesheet_backend/src/projects/dto/create-project.dto.ts","statementMap":{"0":{"start":{"line":1,"column":0},"end":{"line":1,"column":78}},"1":{"start":{"line":3,"column":0},"end":{"line":3,"column":13}},"2":{"start":{"line":6,"column":2},"end":{"line":6,"column":null}},"3":{"start":{"line":10,"column":2},"end":{"line":10,"column":null}},"4":{"start":{"line":14,"column":2},"end":{"line":14,"column":null}}},"fnMap":{},"branchMap":{},"s":{"0":5,"1":5,"2":5,"3":5,"4":5},"f":{},"b":{}}
[...]
:105,"column":4},"end":{"line":107,"column":5}},"46":{"start":{"line":106,"column":6},"end":{"line":106,"column":null}},"47":{"start":{"line":109,"column":4},"end":{"line":109,"column":null}},"48":{"start":{"line":113,"column":21},"end":{"line":113,"column":53}},"49":{"start":{"line":114,"column":4},"end":{"line":116,"column":5}},"50":{"start":{"line":115,"column":6},"end":{"line":115,"column":null}},"51":{"start":{"line":18,"column":13},"end":{"line":18,"column":24}},"52":{"start":{"line":18,"column":13},"end":{"line":118,"column":null}}},"fnMap":{"0":{"name":"(anonymous_4)","decl":{"start":{"line":19,"column":2},"end":{"line":19,"column":null}},"loc":{"start":{"line":22,"column":59},"end":{"line":23,"column":6}}},"1":{"name":"(anonymous_5)","decl":{"start":{"line":25,"column":2},"end":{"line":25,"column":7}},"loc":{"start":{"line":25,"column":36},"end":{"line":27,"column":3}}},"2":{"name":"(anonymous_6)","decl":{"start":{"line":29,"column":2},"end":{"line":29,"column":7}},"loc":{"start":{"line":29,"column":48},"end":{"line":34,"column":3}}},"3":{"name":"(anonymous_7)","decl":{"start":{"line":36,"column":2},"end":{"line":36,"column":7}},"loc":{"start":{"line":36,"column":27},"end":{"line":38,"column":3}}},"4":{"name":"(anonymous_8)","decl":{"start":{"line":40,"column":2},"end":{"line":40,"column":7}},"loc":{"start":{"line":40,"column":24},"end":{"line":46,"column":3}}},"5":{"name":"(anonymous_9)","decl":{"start":{"line":48,"column":2},"end":{"line":48,"column":7}},"loc":{"start":{"line":48,"column":33},"end":{"line":60,"column":3}}},"6":{"name":"(anonymous_10)","decl":{"start":{"line":62,"column":2},"end":{"line":62,"column":7}},"loc":{"start":{"line":62,"column":37},"end":{"line":72,"column":3}}},"7":{"name":"(anonymous_11)","decl":{"start":{"line":74,"column":2},"end":{"line":74,"column":7}},"loc":{"start":{"line":74,"column":49},"end":{"line":91,"column":3}}},"8":{"name":"(anonymous_12)","decl":{"start":{"line":93,"column":2},"end":{"line":93,"column":7}},"loc":{"start":{"line":93,"column":29},"end":{"line":110,"column":3}}},"9":{"name":"(anonymous_13)","decl":{"start":{"line":112,"column":10},"end":{"line":112,"column":15}},"loc":{"start":{"line":112,"column":50},"end":{"line":117,"column":3}}}},"branchMap":{"0":{"loc":{"start":{"line":42,"column":4},"end":{"line":44,"column":5}},"type":"if","locations":[{"start":{"line":42,"column":4},"end":{"line":44,"column":5}},{"start":{},"end":{}}]},"1":{"loc":{"start":{"line":50,"column":4},"end":{"line":52,"column":5}},"type":"if","locations":[{"start":{"line":50,"column":4},"end":{"line":52,"column":5}},{"start":{},"end":{}}]},"2":{"loc":{"start":{"line":55,"column":4},"end":{"line":57,"column":5}},"type":"if","locations":[{"start":{"line":55,"column":4},"end":{"line":57,"column":5}},{"start":{},"end":{}}]},"3":{"loc":{"start":{"line":64,"column":4},"end":{"line":66,"column":5}},"type":"if","locations":[{"start":{"line":64,"column":4},"end":{"line":66,"column":5}},{"start":{},"end":{}}]},"4":{"loc":{"start":{"line":76,"column":4},"end":{"line":78,"column":5}},"type":"if","locations":[{"start":{"line":76,"column":4},"end":{"line":78,"column":5}},{"start":{},"end":{}}]},"5":{"loc":{"start":{"line":81,"column":4},"end":{"line":83,"column":5}},"type":"if","locations":[{"start":{"line":81,"column":4},"end":{"line":83,"column":5}},{"start":{},"end":{}}]},"6":{"loc":{"start":{"line":85,"column":4},"end":{"line":87,"column":5}},"type":"if","locations":[{"start":{"line":85,"column":4},"end":{"line":87,"column":5}},{"start":{},"end":{}}]},"7":{"loc":{"start":{"line":85,"column":8},"end":{"line":85,"column":45}},"type":"binary-expr","locations":[{"start":{"line":85,"column":8},"end":{"line":85,"column":17}},{"start":{"line":85,"column":21},"end":{"line":85,"column":45}}]},"8":{"loc":{"start":{"line":95,"column":4},"end":{"line":97,"column":5}},"type":"if","locations":[{"start":{"line":95,"column":4},"end":{"line":97,"column":5}},{"start":{},"end":{}}]},"9":{"loc":{"start":{"line":99,"column":4},"end":{"line":101,"column":5}},"type":"if","locations":[{"start":{"line":99,"column":4},"end":{"line":101,"column":5}},{"start":{},"end":{}}]},"10":{"loc":{"start":{"line":105,"column":4},"end":{"line":107,"column":5}},"type":"if","locations":[{"start":{"line":105,"column":4},"end":{"line":107,"column":5}},{"start":{},"end":{}}]},"11":{"loc":{"start":{"line":114,"column":4},"end":{"line":116,"column":5}},"type":"if","locations":[{"start":{"line":114,"column":4},"end":{"line":116,"column":5}},{"start":{},"end":{}}]},"12":{"loc":{"start":{"line":21,"column":37},"end":{"line":21,"column":53}},"type":"cond-expr","locations":[{"start":{"line":21,"column":47},"end":{"line":21,"column":53}},{"start":{"line":21,"column":47},"end":{"line":21,"column":53}}]},"13":{"loc":{"start":{"line":21,"column":37},"end":{"line":21,"column":47}},"type":"binary-expr","locations":[{"start":{"line":21,"column":37},"end":{"line":21,"column":53}},{"start":{"line":21,"column":37},"end":{"line":21,"column":47}}]},"14":{"loc":{"start":{"line":21,"column":47},"end":{"line":22,"column":null}},"type":"cond-expr","locations":[{"start":{"line":22,"column":59},"end":{"line":22,"column":null}},{"start":{"line":22,"column":59},"end":{"line":22,"column":null}}]},"15":{"loc":{"start":{"line":21,"column":47},"end":{"line":22,"column":59}},"type":"binary-expr","locations":[{"start":{"line":21,"column":47},"end":{"line":22,"column":null}},{"start":{"line":22,"column":41},"end":{"line":22,"column":59}}]}},"s":{"0":5,"1":5,"2":5,"3":5,"4":5,"5":5,"6":5,"7":28,"8":28,"9":2,"10":24,"11":0,"12":0,"13":0,"14":0,"15":0,"16":0,"17":0,"18":0,"19":0,"20":0,"21":0,"22":0,"23":2,"24":2,"25":0,"26":2,"27":2,"28":2,"29":0,"30":0,"31":0,"32":0,"33":0,"34":0,"35":0,"36":0,"37":0,"38":0,"39":1,"40":1,"41":0,"42":1,"43":0,"44":1,"45":1,"46":0,"47":1,"48":2,"49":2,"50":0,"51":5,"52":5},"f":{"0":28,"1":2,"2":24,"3":0,"4":0,"5":0,"6":2,"7":0,"8":1,"9":2},"b":{"0":[0,0],"1":[0,0],"2":[0,0],"3":[0,2],"4":[0,0],"5":[0,0],"6":[0,0],"7":[0,0],"8":[0,1],"9":[0,1],"10":[0,1],"11":[0,2],"12":[5,0],"13":[5,5],"14":[5,0],"15":[5,5]}}
,"/home/pelayo/projects/personal/timesheet/timesheet_backend/src/user/commands/create-test-workers.ts": {"path":"/home/pelayo/projects/personal/timesheet/timesheet_backend/src/user/commands/create-test-workers.ts","statementMap":{"0":{"start":{"line":1,"column":0},"end":{"line":1,"column":22}},"1":{"start":{"line":2,"column":0},"end":{"line":2,"column":60}},"2":{"start":{"line":3,"column":0},"end":{"line":3,"column":50}},"3":{"start":{"line":4,"column":0},"end":{"line":4,"column":44}},"4":{"start":{"line":5,"column":0},"end":{"line":5,"column":45}},"5":{"start":{"line":6,"column":0},"end":{"line":6,"column":44}},"6":{"start":{"line":10,"column":37},"end":{"line":26,"column":null}},"7":{"start":{"line":29,"column":14},"end":{"line":29,"column":67}},"8":{"start":{"line":31,"column":22},"end":{"line":35,"column":null}},"9":{"start":{"line":37,"column":20},"end":{"line":37,"column":45}},"10":{"start":{"line":38,"column":2},"end":{"line":38,"column":null}},"11":{"start":{"line":39,"column":22},"end":{"line":39,"column":63}},"12":{"start":{"line":41,"column":26},"end":{"line":41,"column":28}},"13":{"start":{"line":43,"column":2},"end":{"line":56,"column":3}},"14":{"start":{"line":44,"column":4},"end":{"line":55,"column":5}},"15":{"start":{"line":45,"column":22},"end":{"line":45,"column":56}},"16":{"start":{"line":46,"column":6},"end":{"line":46,"column":null}},"17":{"start":{"line":49,"column":8},"end":{"line":50,"column":82}},"18":{"start":{"line":51,"column":6},"end":{"line":53,"column":7}},"19":{"start":{"line":52,"column":8},"end":{"line":52,"column":16}},"20":{"start":{"line":54,"column":6},"end":{"line":54,"column":null}},"21":{"start":{"line":58,"column":2},"end":{"line":63,"column":3}},"22":{"start":{"line":59,"column":4},"end":{"line":59,"column":null}},"23":{"start":{"line":61,"column":4},"end":{"line":61,"column":null}},"24":{"start":{"line":62,"column":4},"end":{"line":62,"column":null}},"25":{"start":{"line":62,"column":32},"end":{"line":62,"column":83}},"26":{"start":{"line":65,"column":2},"end":{"line":65,"column":null}},"27":{"start":{"line":68,"column":0},"end":{"line":71,"column":null}},"28":{"start":{"line":69,"column":2},"end":{"line":69,"column":null}},"29":{"start":{"line":70,"column":2},"end":{"line":70,"column":null}}},"fnMap":{"0":{"name":"bootstrap","decl":{"start":{"line":28,"column":15},"end":{"line":28,"column":24}},"loc":{"start":{"line":28,"column":24},"end":{"line":66,"column":1}}},"1":{"name":"(anonymous_1)","decl":{"start":{"line":62,"column":20},"end":{"line":62,"column":21}},"loc":{"start":{"line":62,"column":32},"end":{"line":62,"column":83}}},"2":{"name":"(anonymous_2)","decl":{"start":{"line":68,"column":18},"end":{"line":68,"column":19}},"loc":{"start":{"line":68,"column":28},"end":{"line":71,"column":1}}}},"branchMap":{"0":{"loc":{"start":{"line":49,"column":8},"end":{"line":50,"column":82}},"type":"binary-expr","locations":[{"start":{"line":49,"column":8},"end":{"line":49,"column":42}},{"start":{"line":50,"column":9},"end":{"line":50,"column":31}},{"start":{"line":50,"column":35},"end":{"line":50,"column":81}}]},"1":{"loc":{"start":{"line":51,"column":6},"end":{"line":53,"column":7}},"type":"if","locations":[{"start":{"line":51,"column":6},"end":{"line":53,"column":7}},{"start":{},"end":{}}]},"2":{"loc":{"start":{"line":58,"column":2},"end":{"line":63,"column":3}},"type":"if","locations":[{"start":{"line":58,"column":2},"end":{"line":63,"column":3}},{"start":{"line":60,"column":9},"end":{"line":63,"column":3}}]}},"s":{"0":0,"1":0,"2":0,"3":0,"4":0,"5":0,"6":0,"7":0,"8":0,"9":0,"10":0,"11":0,"12":0,"13":0,"14":0,"15":0,"16":0,"17":0,"18":0,"19":0,"20":0,"21":0,"22":0,"23":0,"24":0,"25":0,"26":0,"27":0,"28":0,"29":0},"f":{"0":0,"1":0,"2":0},"b":{"0":[0,0,0],"1":[0,0],"2":[0,0]}}
,"/home/pelayo/projects/personal/timesheet/timesheet_backend/src/user/dto/create-user.dto.ts": {"path":"/home/pelayo/projects/personal/timesheet/timesheet_backend/src/user/dto/create-user.dto.ts","statementMap":{"0":{"start":{"line":1,"column":0},"end":{"line":1,"column":40}},"1":{"start":{"line":2,"column":0},"end":{"line":2,"column":82}},"2":{"start":{"line":3,"column":0},"end":{"line":3,"column":44}},"3":{"start":{"line":5,"column":0},"end":{"line":5,"column":13}},"4":{"start":{"line":8,"column":2},"end":{"line":8,"column":null}},"5":{"start":{"line":13,"column":2},"end":{"line":13,"column":null}},"6":{"start":{"line":17,"column":2},"end":{"line":17,"column":null}},"7":{"start":{"line":16,"column":14},"end":{"line":16,"column":20}}},"fnMap":{"0":{"name":"(anonymous_2)","decl":{"start":{"line":16,"column":8},"end":{"line":16,"column":11}},"loc":{"start":{"line":16,"column":14},"end":{"line":16,"column":20}}}},"branchMap":{"0":{"loc":{"start":{"line":17,"column":8},"end":{"line":17,"column":null}},"type":"cond-expr","locations":[{"start":{"line":17,"column":12},"end":{"line":17,"column":null}},{"start":{"line":17,"column":12},"end":{"line":17,"column":null}}]},"1":{"loc":{"start":{"line":17,"column":8},"end":{"line":17,"column":12}},"type":"binary-expr","locations":[{"start":{"line":17,"column":8},"end":{"line":17,"column":null}},{"start":{"line":17,"column":8},"end":{"line":17,"column":12}}]}},"s":{"0":5,"1":5,"2":5,"3":5,"4":5,"5":5,"6":5,"7":2},"f":{"0":2},"b":{"0":[0,5],"1":[5,5]}}
,"/home/pelayo/projects/personal/timesheet/timesheet_backend/src/user/dto/me-user.dto.ts": {"path":"/home/pelayo/projects/personal/timesheet/timesheet_backend/src/user/dto/me-user.dto.ts","statementMap":{"0":{"start":{"line":1,"column":0},"end":{"line":1,"column":42}},"1":{"start":{"line":2,"column":0},"end":{"line":2,"column":44}},"2":{"start":{"line":4,"column":0},"end":{"line":4,"column":13}},"3":{"start":{"line":6,"column":2},"end":{"line":6,"column":null}},"4":{"start":{"line":9,"column":2},"end":{"line":9,"column":null}},"5":{"start":{"line":12,"column":2},"end":{"line":12,"column":null}}},"fnMap":{},"branchMap":{"0":{"loc":{"start":{"line":12,"column":8},"end":{"line":12,"column":null}},"type":"cond-expr","locations":[{"start":{"line":12,"column":12},"end":{"line":12,"column":null}},{"start":{"line":12,"column":12},"end":{"line":12,"column":null}}]},"1":{"loc":{"start":{"line":12,"column":8},"end":{"line":12,"column":12}},"type":"binary-expr","locations":[{"start":{"line":12,"column":8},"end":{"line":12,"column":null}},{"start":{"line":12,"column":8},"end":{"line":12,"column":12}}]}},"s":{"0":5,"1":5,"2":5,"3":5,"4":5,"5":5},"f":{},"b":{"0":[0,5],"1":[5,5]}}
,"/home/pelayo/projects/personal/timesheet/timesheet_backend/src/user/dto/update-user.dto.ts": {"path":"/home/pelayo/projects/personal/timesheet/timesheet_backend/src/user/dto/update-user.dto.ts","statementMap":{"0":{"start":{"line":1,"column":0},"end":{"line":1,"column":40}},"1":{"start":{"line":2,"column":0},"end":{"line":2,"column":82}},"2":{"start":{"line":3,"column":0},"end":{"line":3,"column":44}},"3":{"start":{"line":5,"column":0},"end":{"line":5,"column":13}},"4":{"start":{"line":8,"column":2},"end":{"line":8,"column":null}},"5":{"start":{"line":13,"column":2},"end":{"line":13,"column":null}},"6":{"start":{"line":18,"column":2},"end":{"line":18,"column":null}},"7":{"start":{"line":17,"column":14},"end":{"line":17,"column":20}}},"fnMap":{"0":{"name":"(anonymous_2)","decl":{"start":{"line":17,"column":8},"end":{"line":17,"column":11}},"loc":{"start":{"line":17,"column":14},"end":{"line":17,"column":20}}}},"branchMap":{"0":{"loc":{"start":{"line":18,"column":9},"end":{"line":18,"column":null}},"type":"cond-expr","locations":[{"start":{"line":18,"column":13},"end":{"line":18,"column":null}},{"start":{"line":18,"column":13},"end":{"line":18,"column":null}}]},"1":{"loc":{"start":{"line":18,"column":9},"end":{"line":18,"column":13}},"type":"binary-expr","locations":[{"start":{"line":18,"column":9},"end":{"line":18,"column":null}},{"start":{"line":18,"column":9},"end":{"line":18,"column":13}}]}},"s":{"0":5,"1":5,"2":5,"3":5,"4":5,"5":5,"6":5,"7":0},"f":{"0":0},"b":{"0":[0,5],"1":[5,5]}}
,"/home/pelayo/projects/personal/timesheet/timesheet_backend/src/user/dto/user-response.dto.ts": {"path":"/home/pelayo/projects/personal/timesheet/timesheet_backend/src/user/dto/user-response.dto.ts","statementMap":{"0":{"start":{"line":1,"column":0},"end":{"line":1,"column":42}},"1":{"start":{"line":2,"column":0},"end":{"line":2,"column":44}},"2":{"start":{"line":4,"column":0},"end":{"line":4,"column":13}},"3":{"start":{"line":6,"column":2},"end":{"line":6,"column":null}},"4":{"start":{"line":9,"column":2},"end":{"line":9,"column":null}},"5":{"start":{"line":12,"column":2},"end":{"line":12,"column":null}},"6":{"start":{"line":15,"column":2},"end":{"line":15,"column":null}},"7":{"start":{"line":18,"column":2},"end":{"line":18,"column":null}}},"fnMap":{},"branchMap":{"0":{"loc":{"start":{"line":12,"column":8},"end":{"line":12,"column":null}},"type":"cond-expr","locations":[{"start":{"line":12,"column":12},"end":{"line":12,"column":null}},{"start":{"line":12,"column":12},"end":{"line":12,"column":null}}]},"1":{"loc":{"start":{"line":12,"column":8},"end":{"line":12,"column":12}},"type":"binary-expr","locations":[{"start":{"line":12,"column":8},"end":{"line":12,"column":null}},{"start":{"line":12,"column":8},"end":{"line":12,"column":12}}]},"2":{"loc":{"start":{"line":15,"column":13},"end":{"line":15,"column":null}},"type":"cond-expr","locations":[{"start":{"line":15,"column":17},"end":{"line":15,"column":null}},{"start":{"line":15,"column":17},"end":{"line":15,"column":null}}]},"3":{"loc":{"start":{"line":15,"column":13},"end":{"line":15,"column":17}},"type":"binary-expr","locations":[{"start":{"line":15,"column":13},"end":{"line":15,"column":null}},{"start":{"line":15,"column":13},"end":{"line":15,"column":17}}]},"4":{"loc":{"start":{"line":18,"column":13},"end":{"line":18,"column":null}},"type":"cond-expr","locations":[{"start":{"line":18,"column":17},"end":{"line":18,"column":null}},{"start":{"line":18,"column":17},"end":{"line":18,"column":null}}]},"5":{"loc":{"start":{"line":18,"column":13},"end":{"line":18,"column":17}},"type":"binary-expr","locations":[{"start":{"line":18,"column":13},"end":{"line":18,"column":null}},{"start":{"line":18,"column":13},"end":{"line":18,"column":17}}]}},"s":{"0":5,"1":5,"2":5,"3":5,"4":5,"5":5,"6":5,"7":5},"f":{},"b":{"0":[0,5],"1":[5,5],"2":[5,0],"3":[5,5],"4":[5,0],"5":[5,5]}}
,"/home/pelayo/projects/personal/timesheet/timesheet_backend/src/user/entities/role.enum.ts": {"path":"/home/pelayo/projects/personal/timesheet/timesheet_backend/src/user/entities/role.enum.ts","statementMap":{"0":{"start":{"line":1,"column":0},"end":{"line":1,"column":null}},"1":{"start":{"line":2,"column":2},"end":{"line":2,"column":null}},"2":{"start":{"line":3,"column":2},"end":{"line":3,"column":null}}},"fnMap":{"0":{"name":"(anonymous_0)","decl":{"start":{"line":1,"column":0},"end":{"line":1,"column":12}},"loc":{"start":{"line":1,"column":16},"end":{"line":4,"column":1}}}},"branchMap":{"0":{"loc":{"start":{"line":1,"column":12},"end":{"line":1,"column":null}},"type":"binary-expr","locations":[{"start":{"line":1,"column":12},"end":{"line":1,"column":16}},{"start":{"line":1,"column":16},"end":{"line":1,"column":null}}]}},"s":{"0":5,"1":5,"2":5},"f":{"0":5},"b":{"0":[5,5]}}
,"/home/pelayo/projects/personal/timesheet/timesheet_backend/src/user/entities/user.entity.ts": {"path":"/home/pelayo/projects/personal/timesheet/timesheet_backend/src/user/entities/user.entity.ts","statementMap":{"0":{"start":{"line":1,"column":0},"end":{"line":1,"column":43}},"1":{"start":{"line":2,"column":0},"end":{"line":2,"column":null}},"2":{"start":{"line":9,"column":0},"end":{"line":9,"column":34}},"3":{"start":{"line":12,"column":7},"end":{"line":31,"column":null}},"4":{"start":{"line":12,"column":13},"end":{"line":12,"column":17}},"5":{"start":{"line":14,"column":2},"end":{"line":14,"column":null}},"6":{"start":{"line":17,"column":2},"end":{"line":17,"column":null}},"7":{"start":{"line":21,"column":2},"end":{"line":21,"column":null}},"8":{"start":{"line":24,"column":2},"end":{"line":24,"column":null}},"9":{"start":{"line":27,"column":2},"end":{"line":27,"column":null}},"10":{"start":{"line":30,"column":2},"end":{"line":30,"column":null}},"11":{"start":{"line":12,"column":13},"end":{"line":31,"column":null}}},"fnMap":{},"branchMap":{"0":{"loc":{"start":{"line":24,"column":8},"end":{"line":24,"column":null}},"type":"cond-expr","locations":[{"start":{"line":24,"column":12},"end":{"line":24,"column":null}},{"start":{"line":24,"column":12},"end":{"line":24,"column":null}}]},"1":{"loc":{"start":{"line":24,"column":8},"end":{"line":24,"column":12}},"type":"binary-expr","locations":[{"start":{"line":24,"column":8},"end":{"line":24,"column":null}},{"start":{"line":24,"column":8},"end":{"line":24,"column":12}}]},"2":{"loc":{"start":{"line":27,"column":13},"end":{"line":27,"column":null}},"type":"cond-expr","locations":[{"start":{"line":27,"column":17},"end":{"line":27,"column":null}},{"start":{"line":27,"column":17},"end":{"line":27,"column":null}}]},"3":{"loc":{"start":{"line":27,"column":13},"end":{"line":27,"column":17}},"type":"binary-expr","locations":[{"start":{"line":27,"column":13},"end":{"line":27,"column":null}},{"start":{"line":27,"column":13},"end":{"line":27,"column":17}}]},"4":{"loc":{"start":{"line":30,"column":13},"end":{"line":30,"column":null}},"type":"cond-expr","locations":[{"start":{"line":30,"column":17},"end":{"line":30,"column":null}},{"start":{"line":30,"column":17},"end":{"line":30,"column":null}}]},"5":{"loc":{"start":{"line":30,"column":13},"end":{"line":30,"column":17}},"type":"binary-expr","locations":[{"start":{"line":30,"column":13},"end":{"line":30,"column":null}},{"start":{"line":30,"column":13},"end":{"line":30,"column":17}}]}},"s":{"0":5,"1":5,"2":5,"3":5,"4":5,"5":5,"6":5,"7":5,"8":5,"9":5,"10":5,"11":5},"f":{},"b":{"0":[0,5],"1":[5,5],"2":[5,0],"3":[5,5],"4":[5,0],"5":[5,5]}}
}
